


================= Now running case ================= 
Advection Scheme:      QUICK
Mesh:                  20x20x20
Reading input file 'manufactured-taylor-green.inp' ... Success.

Generating mesh ... Success.
Number of cells        : 8000
Min. cell growth ratios: (1, 1, 1)
Max. cell growth ratios: (1, 1, 1)
Min. cell aspect ratio : 1
Max. cell aspect ratio : 1

Convergence Residuals:
iteration: 0    , U: 4.042930e+04,   V: 4.042930e+04,   W: 7.839255e+04,   Local Coninuity: 0.000000e+00,   Global Mass Flux: 0.000000e+00
 Level 0, performed 1 iterations
iteration: 1    , U: 4.503279e-02,   V: 4.503279e-02,   W: 4.789888e-02,   Local Coninuity: 3.694281e-02,   Global Mass Flux: 0.000000e+00
 Level 0, performed 1 iterations
iteration: 2    , U: 1.008808e-02,   V: 1.008808e-02,   W: 1.093694e-02,   Local Coninuity: 1.207836e-02,   Global Mass Flux: 0.000000e+00
 Level 0, performed 1 iterations
iteration: 3    , U: 2.821362e-03,   V: 2.821362e-03,   W: 2.900241e-03,   Local Coninuity: 4.024002e-03,   Global Mass Flux: 0.000000e+00
 Level 0, performed 1 iterations
iteration: 4    , U: 1.026789e-03,   V: 1.026789e-03,   W: 8.866491e-04,   Local Coninuity: 1.831293e-03,   Global Mass Flux: 0.000000e+00
 Level 0, performed 1 iterations
iteration: 5    , U: 5.757938e-04,   V: 5.757938e-04,   W: 3.497703e-04,   Local Coninuity: 8.008956e-04,   Global Mass Flux: 0.000000e+00
 Level 0, performed 1 iterations
iteration: 6    , U: 2.442845e-04,   V: 2.442845e-04,   W: 1.422830e-04,   Local Coninuity: 3.940724e-04,   Global Mass Flux: 0.000000e+00
 Level 0, performed 1 iterations
iteration: 7    , U: 1.476382e-04,   V: 1.476382e-04,   W: 9.125845e-05,   Local Coninuity: 2.653554e-04,   Global Mass Flux: 0.000000e+00
 Level 0, performed 1 iterations
iteration: 8    , U: 1.043987e-04,   V: 1.043987e-04,   W: 7.724233e-05,   Local Coninuity: 1.354719e-04,   Global Mass Flux: 0.000000e+00
 Level 0, performed 1 iterations
iteration: 9    , U: 5.965654e-05,   V: 5.965654e-05,   W: 5.280404e-05,   Local Coninuity: 8.268837e-05,   Global Mass Flux: 0.000000e+00
 Level 0, performed 1 iterations
iteration: 10   , U: 4.015265e-05,   V: 4.015265e-05,   W: 3.209009e-05,   Local Coninuity: 1.000569e-04,   Global Mass Flux: 0.000000e+00
 Level 0, performed 1 iterations
iteration: 11   , U: 3.687085e-05,   V: 3.687085e-05,   W: 1.975946e-05,   Local Coninuity: 9.723608e-05,   Global Mass Flux: 0.000000e+00
 Level 0, performed 1 iterations
iteration: 12   , U: 3.520917e-05,   V: 3.520917e-05,   W: 2.684905e-05,   Local Coninuity: 7.258523e-05,   Global Mass Flux: 0.000000e+00
 Level 0, performed 1 iterations
iteration: 13   , U: 2.466383e-05,   V: 2.466383e-05,   W: 2.704446e-05,   Local Coninuity: 3.740499e-05,   Global Mass Flux: 0.000000e+00
 Level 0, performed 1 iterations
iteration: 14   , U: 1.289828e-05,   V: 1.289828e-05,   W: 1.999868e-05,   Local Coninuity: 2.366502e-05,   Global Mass Flux: 0.000000e+00
 Level 0, performed 1 iterations
iteration: 15   , U: 1.105823e-05,   V: 1.105823e-05,   W: 1.290337e-05,   Local Coninuity: 3.348001e-05,   Global Mass Flux: 0.000000e+00
 Level 0, performed 1 iterations
iteration: 16   , U: 1.455356e-05,   V: 1.455356e-05,   W: 7.549751e-06,   Local Coninuity: 3.669073e-05,   Global Mass Flux: 0.000000e+00
 Level 0, performed 1 iterations
iteration: 17   , U: 1.342831e-05,   V: 1.342831e-05,   W: 1.005840e-05,   Local Coninuity: 2.892279e-05,   Global Mass Flux: 0.000000e+00
 Level 0, performed 1 iterations
iteration: 18   , U: 8.530306e-06,   V: 8.530306e-06,   W: 1.069553e-05,   Local Coninuity: 1.662487e-05,   Global Mass Flux: 0.000000e+00
 Level 0, performed 1 iterations
iteration: 19   , U: 4.434880e-06,   V: 4.434880e-06,   W: 8.201732e-06,   Local Coninuity: 1.066705e-05,   Global Mass Flux: 0.000000e+00
 Level 0, performed 1 iterations
iteration: 20   , U: 5.396267e-06,   V: 5.396267e-06,   W: 5.420198e-06,   Local Coninuity: 1.275167e-05,   Global Mass Flux: 0.000000e+00
 Level 0, performed 1 iterations
iteration: 21   , U: 6.344363e-06,   V: 6.344363e-06,   W: 3.095537e-06,   Local Coninuity: 1.394416e-05,   Global Mass Flux: 0.000000e+00
 Level 0, performed 1 iterations
iteration: 22   , U: 5.395996e-06,   V: 5.395996e-06,   W: 3.716602e-06,   Local Coninuity: 1.169713e-05,   Global Mass Flux: 0.000000e+00
 Level 0, performed 1 iterations
iteration: 23   , U: 3.253739e-06,   V: 3.253739e-06,   W: 4.132209e-06,   Local Coninuity: 7.365691e-06,   Global Mass Flux: 0.000000e+00
 Level 0, performed 1 iterations
iteration: 24   , U: 2.058747e-06,   V: 2.058747e-06,   W: 3.303417e-06,   Local Coninuity: 4.848502e-06,   Global Mass Flux: 0.000000e+00
 Level 0, performed 1 iterations
iteration: 25   , U: 2.549495e-06,   V: 2.549495e-06,   W: 2.204226e-06,   Local Coninuity: 4.821476e-06,   Global Mass Flux: 0.000000e+00
 Level 0, performed 1 iterations
iteration: 26   , U: 2.687375e-06,   V: 2.687375e-06,   W: 1.248154e-06,   Local Coninuity: 5.216124e-06,   Global Mass Flux: 0.000000e+00
 Level 0, performed 1 iterations
iteration: 27   , U: 2.190672e-06,   V: 2.190672e-06,   W: 1.344827e-06,   Local Coninuity: 4.622579e-06,   Global Mass Flux: 0.000000e+00
 Level 0, performed 1 iterations
iteration: 28   , U: 1.303419e-06,   V: 1.303419e-06,   W: 1.557792e-06,   Local Coninuity: 3.155110e-06,   Global Mass Flux: 0.000000e+00
 Level 0, performed 1 iterations
iteration: 29   , U: 9.736657e-07,   V: 9.736657e-07,   W: 1.298720e-06,   Local Coninuity: 2.136666e-06,   Global Mass Flux: 0.000000e+00
 Level 0, performed 1 iterations
iteration: 30   , U: 1.128545e-06,   V: 1.128545e-06,   W: 8.774605e-07,   Local Coninuity: 1.835448e-06,   Global Mass Flux: 0.000000e+00
 Level 0, performed 1 iterations
iteration: 31   , U: 1.109621e-06,   V: 1.109621e-06,   W: 4.966356e-07,   Local Coninuity: 1.923992e-06,   Global Mass Flux: 0.000000e+00
 Level 0, performed 1 iterations
iteration: 32   , U: 8.849033e-07,   V: 8.849033e-07,   W: 4.806794e-07,   Local Coninuity: 1.782756e-06,   Global Mass Flux: 0.000000e+00
 Level 0, performed 1 iterations
iteration: 33   , U: 5.292208e-07,   V: 5.292208e-07,   W: 5.765305e-07,   Local Coninuity: 1.303224e-06,   Global Mass Flux: 0.000000e+00
 Level 0, performed 1 iterations
iteration: 34   , U: 4.219561e-07,   V: 4.219561e-07,   W: 5.000572e-07,   Local Coninuity: 9.115338e-07,   Global Mass Flux: 0.000000e+00
 Level 0, performed 1 iterations
iteration: 35   , U: 4.747142e-07,   V: 4.747142e-07,   W: 3.434911e-07,   Local Coninuity: 7.043880e-07,   Global Mass Flux: 0.000000e+00
 Level 0, performed 1 iterations
iteration: 36   , U: 4.477851e-07,   V: 4.477851e-07,   W: 1.948536e-07,   Local Coninuity: 7.010822e-07,   Global Mass Flux: 0.000000e+00
 Level 0, performed 1 iterations
iteration: 37   , U: 3.526901e-07,   V: 3.526901e-07,   W: 1.701959e-07,   Local Coninuity: 6.726527e-07,   Global Mass Flux: 0.000000e+00
 Level 0, performed 1 iterations
iteration: 38   , U: 2.132051e-07,   V: 2.132051e-07,   W: 2.101178e-07,   Local Coninuity: 5.213340e-07,   Global Mass Flux: 0.000000e+00
 Level 0, performed 1 iterations
iteration: 39   , U: 1.711846e-07,   V: 1.711846e-07,   W: 1.890280e-07,   Local Coninuity: 3.767607e-07,   Global Mass Flux: 0.000000e+00
 Level 0, performed 1 iterations
iteration: 40   , U: 1.920480e-07,   V: 1.920480e-07,   W: 1.323773e-07,   Local Coninuity: 2.719902e-07,   Global Mass Flux: 0.000000e+00
 Level 0, performed 1 iterations
iteration: 41   , U: 1.771039e-07,   V: 1.771039e-07,   W: 7.546534e-08,   Local Coninuity: 2.535707e-07,   Global Mass Flux: 0.000000e+00
 Level 0, performed 1 iterations
iteration: 42   , U: 1.384938e-07,   V: 1.384938e-07,   W: 6.009956e-08,   Local Coninuity: 2.489850e-07,   Global Mass Flux: 0.000000e+00
 Level 0, performed 1 iterations
iteration: 43   , U: 8.482620e-08,   V: 8.482620e-08,   W: 7.561546e-08,   Local Coninuity: 2.028738e-07,   Global Mass Flux: 0.000000e+00
 Level 0, performed 1 iterations
iteration: 44   , U: 6.637301e-08,   V: 6.637301e-08,   W: 7.036040e-08,   Local Coninuity: 1.514891e-07,   Global Mass Flux: 0.000000e+00
 Level 0, performed 1 iterations
iteration: 45   , U: 7.539590e-08,   V: 7.539590e-08,   W: 5.032782e-08,   Local Coninuity: 1.052808e-07,   Global Mass Flux: 0.000000e+00
 Level 0, performed 1 iterations
iteration: 46   , U: 6.883613e-08,   V: 6.883613e-08,   W: 2.885623e-08,   Local Coninuity: 9.145282e-08,   Global Mass Flux: 0.000000e+00
 Level 0, performed 1 iterations
iteration: 47   , U: 5.358530e-08,   V: 5.358530e-08,   W: 2.129333e-08,   Local Coninuity: 9.067516e-08,   Global Mass Flux: 0.000000e+00
 Level 0, performed 1 iterations
iteration: 48   , U: 3.330985e-08,   V: 3.330985e-08,   W: 2.694485e-08,   Local Coninuity: 7.712605e-08,   Global Mass Flux: 0.000000e+00
 Level 0, performed 1 iterations
iteration: 49   , U: 2.499901e-08,   V: 2.499901e-08,   W: 2.584476e-08,   Local Coninuity: 5.946790e-08,   Global Mass Flux: 0.000000e+00
 Level 0, performed 1 iterations
iteration: 50   , U: 2.888578e-08,   V: 2.888578e-08,   W: 1.890491e-08,   Local Coninuity: 4.068832e-08,   Global Mass Flux: 0.000000e+00
 Level 0, performed 1 iterations
iteration: 51   , U: 2.635172e-08,   V: 2.635172e-08,   W: 1.092155e-08,   Local Coninuity: 3.299241e-08,   Global Mass Flux: 0.000000e+00
 Level 0, performed 1 iterations
iteration: 52   , U: 2.045992e-08,   V: 2.045992e-08,   W: 7.576603e-09,   Local Coninuity: 3.258621e-08,   Global Mass Flux: 0.000000e+00
 Level 0, performed 1 iterations
iteration: 53   , U: 1.291939e-08,   V: 1.291939e-08,   W: 9.529070e-09,   Local Coninuity: 2.875284e-08,   Global Mass Flux: 0.000000e+00
 Level 0, performed 1 iterations
iteration: 54   , U: 9.250275e-09,   V: 9.250275e-09,   W: 9.387826e-09,   Local Coninuity: 2.286904e-08,   Global Mass Flux: 0.000000e+00
 Level 0, performed 1 iterations
iteration: 55   , U: 1.084247e-08,   V: 1.084247e-08,   W: 7.022926e-09,   Local Coninuity: 1.564202e-08,   Global Mass Flux: 0.000000e+00
 Level 0, performed 1 iterations
iteration: 56   , U: 9.952958e-09,   V: 9.952958e-09,   W: 4.094862e-09,   Local Coninuity: 1.192945e-08,   Global Mass Flux: 0.000000e+00
 Level 0, performed 1 iterations
iteration: 57   , U: 7.720584e-09,   V: 7.720584e-09,   W: 2.700016e-09,   Local Coninuity: 1.159760e-08,   Global Mass Flux: 0.000000e+00
 Level 0, performed 1 iterations
iteration: 58   , U: 4.952368e-09,   V: 4.952368e-09,   W: 3.350378e-09,   Local Coninuity: 1.054721e-08,   Global Mass Flux: 0.000000e+00
 Level 0, performed 1 iterations
iteration: 59   , U: 3.388160e-09,   V: 3.388160e-09,   W: 3.379030e-09,   Local Coninuity: 8.640447e-09,   Global Mass Flux: 0.000000e+00
 Level 0, performed 1 iterations
iteration: 60   , U: 3.999981e-09,   V: 3.999981e-09,   W: 2.583079e-09,   Local Coninuity: 5.965195e-09,   Global Mass Flux: 0.000000e+00
 Level 0, performed 1 iterations
iteration: 61   , U: 3.713856e-09,   V: 3.713856e-09,   W: 1.522626e-09,   Local Coninuity: 4.327406e-09,   Global Mass Flux: 0.000000e+00
 Level 0, performed 1 iterations
iteration: 62   , U: 2.884277e-09,   V: 2.884277e-09,   W: 9.632229e-10,   Local Coninuity: 4.099846e-09,   Global Mass Flux: 0.000000e+00
 Level 0, performed 1 iterations
iteration: 63   , U: 1.877495e-09,   V: 1.877495e-09,   W: 1.172812e-09,   Local Coninuity: 3.818343e-09,   Global Mass Flux: 0.000000e+00
 Level 0, performed 1 iterations
iteration: 64   , U: 1.234616e-09,   V: 1.234616e-09,   W: 1.207412e-09,   Local Coninuity: 3.215340e-09,   Global Mass Flux: 0.000000e+00
 Level 0, performed 1 iterations
iteration: 65   , U: 1.454434e-09,   V: 1.454434e-09,   W: 9.423423e-10,   Local Coninuity: 2.254846e-09,   Global Mass Flux: 0.000000e+00
 Level 0, performed 1 iterations
iteration: 66   , U: 1.371016e-09,   V: 1.371016e-09,   W: 5.618409e-10,   Local Coninuity: 1.574146e-09,   Global Mass Flux: 0.000000e+00
 Level 0, performed 1 iterations
iteration: 67   , U: 1.067962e-09,   V: 1.067962e-09,   W: 3.437019e-10,   Local Coninuity: 1.442538e-09,   Global Mass Flux: 0.000000e+00
 Level 0, performed 1 iterations
iteration: 68   , U: 7.044430e-10,   V: 7.044430e-10,   W: 4.094670e-10,   Local Coninuity: 1.367892e-09,   Global Mass Flux: 0.000000e+00
 Level 0, performed 1 iterations
iteration: 69   , U: 4.484388e-10,   V: 4.484388e-10,   W: 4.289889e-10,   Local Coninuity: 1.181032e-09,   Global Mass Flux: 0.000000e+00
 Level 0, performed 1 iterations
iteration: 70   , U: 5.224798e-10,   V: 5.224798e-10,   W: 3.412144e-10,   Local Coninuity: 8.439390e-10,   Global Mass Flux: 0.000000e+00
 Level 0, performed 1 iterations
iteration: 71   , U: 5.012847e-10,   V: 5.012847e-10,   W: 2.058757e-10,   Local Coninuity: 5.736532e-10,   Global Mass Flux: 0.000000e+00
 Level 0, performed 1 iterations
iteration: 72   , U: 3.923827e-10,   V: 3.923827e-10,   W: 1.225952e-10,   Local Coninuity: 5.066007e-10,   Global Mass Flux: 0.000000e+00
 Level 0, performed 1 iterations
iteration: 73   , U: 2.618366e-10,   V: 2.618366e-10,   W: 1.427600e-10,   Local Coninuity: 4.860312e-10,   Global Mass Flux: 0.000000e+00
 Level 0, performed 1 iterations
iteration: 74   , U: 1.624609e-10,   V: 1.624609e-10,   W: 1.517844e-10,   Local Coninuity: 4.291141e-10,   Global Mass Flux: 0.000000e+00
 Level 0, performed 1 iterations
iteration: 75   , U: 1.858263e-10,   V: 1.858263e-10,   W: 1.228096e-10,   Local Coninuity: 3.128627e-10,   Global Mass Flux: 0.000000e+00
 Level 0, performed 1 iterations
iteration: 76   , U: 1.817849e-10,   V: 1.817849e-10,   W: 7.498045e-11,   Local Coninuity: 2.091687e-10,   Global Mass Flux: 0.000000e+00
 Level 0, performed 1 iterations
iteration: 77   , U: 1.432175e-10,   V: 1.432175e-10,   W: 4.369210e-11,   Local Coninuity: 1.779413e-10,   Global Mass Flux: 0.000000e+00
 Level 0, performed 1 iterations
iteration: 78   , U: 9.650204e-11,   V: 9.650204e-11,   W: 4.976203e-11,   Local Coninuity: 1.716287e-10,   Global Mass Flux: 0.000000e+00
 Level 0, performed 1 iterations
iteration: 79   , U: 5.876512e-11,   V: 5.876512e-11,   W: 5.353973e-11,   Local Coninuity: 1.545072e-10,   Global Mass Flux: 0.000000e+00
 Level 0, performed 1 iterations
iteration: 80   , U: 6.556488e-11,   V: 6.556488e-11,   W: 4.399007e-11,   Local Coninuity: 1.149911e-10,   Global Mass Flux: 0.000000e+00
 Level 0, performed 1 iterations
iteration: 81   , U: 6.545100e-11,   V: 6.545100e-11,   W: 2.716260e-11,   Local Coninuity: 7.622526e-11,   Global Mass Flux: 0.000000e+00
 Level 0, performed 1 iterations
iteration: 82   , U: 5.198507e-11,   V: 5.198507e-11,   W: 1.555462e-11,   Local Coninuity: 6.260791e-11,   Global Mass Flux: 0.000000e+00
 Level 0, performed 1 iterations
iteration: 83   , U: 3.530635e-11,   V: 3.530635e-11,   W: 1.735683e-11,   Local Coninuity: 6.035984e-11,   Global Mass Flux: 0.000000e+00
 Level 0, performed 1 iterations
iteration: 84   , U: 2.122292e-11,   V: 2.122292e-11,   W: 1.885193e-11,   Local Coninuity: 5.522016e-11,   Global Mass Flux: 0.000000e+00
 Level 0, performed 1 iterations
iteration: 85   , U: 2.298939e-11,   V: 2.298939e-11,   W: 1.569802e-11,   Local Coninuity: 4.193371e-11,   Global Mass Flux: 0.000000e+00
 Level 0, performed 1 iterations
iteration: 86   , U: 2.342792e-11,   V: 2.342792e-11,   W: 9.794695e-12,   Local Coninuity: 2.773492e-11,   Global Mass Flux: 0.000000e+00
 Level 0, performed 1 iterations
iteration: 87   , U: 1.877758e-11,   V: 1.877758e-11,   W: 5.535454e-12,   Local Coninuity: 2.207049e-11,   Global Mass Flux: 0.000000e+00
 Level 0, performed 1 iterations
iteration: 88   , U: 1.283780e-11,   V: 1.283780e-11,   W: 6.062657e-12,   Local Coninuity: 2.117060e-11,   Global Mass Flux: 0.000000e+00
 Level 0, performed 1 iterations
iteration: 89   , U: 7.656712e-12,   V: 7.656708e-12,   W: 6.633633e-12,   Local Coninuity: 1.962236e-11,   Global Mass Flux: 0.000000e+00
 Level 0, performed 1 iterations
iteration: 90   , U: 8.024412e-12,   V: 8.024413e-12,   W: 5.586929e-12,   Local Coninuity: 1.518621e-11,   Global Mass Flux: 0.000000e+00
 Level 0, performed 1 iterations
iteration: 91   , U: 8.345239e-12,   V: 8.345239e-12,   W: 3.518948e-12,   Local Coninuity: 1.006966e-11,   Global Mass Flux: 0.000000e+00
 Level 0, performed 1 iterations
iteration: 92   , U: 6.754741e-12,   V: 6.754739e-12,   W: 1.968383e-12,   Local Coninuity: 7.796986e-12,   Global Mass Flux: 0.000000e+00
 Level 0, performed 1 iterations
iteration: 93   , U: 4.643676e-12,   V: 4.643678e-12,   W: 2.122068e-12,   Local Coninuity: 7.416487e-12,   Global Mass Flux: 0.000000e+00
 Level 0, performed 1 iterations
iteration: 94   , U: 2.757890e-12,   V: 2.757894e-12,   W: 2.334593e-12,   Local Coninuity: 6.942951e-12,   Global Mass Flux: 0.000000e+00
 Level 0, performed 1 iterations
iteration: 95   , U: 2.792890e-12,   V: 2.792890e-12,   W: 1.984976e-12,   Local Coninuity: 5.468107e-12,   Global Mass Flux: 0.000000e+00
 Level 0, performed 1 iterations
iteration: 96   , U: 2.961578e-12,   V: 2.961575e-12,   W: 1.260685e-12,   Local Coninuity: 3.646501e-12,   Global Mass Flux: 0.000000e+00
 Level 0, performed 1 iterations
iteration: 97   , U: 2.421531e-12,   V: 2.421529e-12,   W: 6.998639e-13,   Local Coninuity: 2.761711e-12,   Global Mass Flux: 0.000000e+00
 Level 0, performed 1 iterations
iteration: 98   , U: 1.672521e-12,   V: 1.672521e-12,   W: 7.446969e-13,   Local Coninuity: 2.598382e-12,   Global Mass Flux: 0.000000e+00
 Level 0, performed 1 iterations
iteration: 99   , U: 9.913933e-13,   V: 9.913906e-13,   W: 8.224240e-13,   Local Coninuity: 2.449335e-12,   Global Mass Flux: 0.000000e+00
 Level 0, performed 1 iterations
iteration: 100  , U: 9.707244e-13,   V: 9.707246e-13,   W: 7.046695e-13,   Local Coninuity: 1.959819e-12,   Global Mass Flux: 0.000000e+00
 Level 0, performed 1 iterations
iteration: 101  , U: 1.048265e-12,   V: 1.048266e-12,   W: 4.507256e-13,   Local Coninuity: 1.316934e-12,   Global Mass Flux: 0.000000e+00
 Level 0, performed 1 iterations
iteration: 102  , U: 8.656529e-13,   V: 8.656518e-13,   W: 2.488268e-13,   Local Coninuity: 9.807891e-13,   Global Mass Flux: 0.000000e+00
*** SOLUTION CONVERGED ***


[CAMIRA_ Profiling:                           0.29s] [nCalls   1] (100.00%)
[    Untimed:                                 0.00s] [nCalls   1] (  0.08%)
[    Pre processing:                          0.00s] [nCalls   1] (  1.23%)
[    Solver Loop:                             0.29s] [nCalls   1] ( 98.69%)
[        Untimed:                             0.00s] [nCalls   1] (  1.14%)
[        Multigrid Cycling:                   0.18s] [nCalls 102] ( 61.68%)
[            Untimed:                         0.01s] [nCalls 102] (  2.84%)
[            Setting Ghost Cells:             0.01s] [nCalls 612] (  5.10%)
[            Sweeping:                        0.06s] [nCalls 612] ( 21.46%)
[            Updating Coefficients:           0.09s] [nCalls 102] ( 32.29%)
[        Residuals and Logging:               0.10s] [nCalls 102] ( 35.86%)
[            Untimed:                         0.01s] [nCalls 102] (  3.88%)
[            Updating Coefficients:           0.09s] [nCalls 102] ( 31.98%)



================= Now running case ================= 
Advection Scheme:      QUICK
Mesh:                  40x40x40
Reading input file 'manufactured-taylor-green.inp' ... Success.

Generating mesh ... Success.
Number of cells        : 64000
Min. cell growth ratios: (1, 1, 1)
Max. cell growth ratios: (1, 1, 1)
Min. cell aspect ratio : 1
Max. cell aspect ratio : 1

Convergence Residuals:
iteration: 0    , U: 3.179272e+05,   V: 3.179272e+05,   W: 6.162441e+05,   Local Coninuity: 0.000000e+00,   Global Mass Flux: 0.000000e+00
 Level 0, performed 1 iterations
iteration: 1    , U: 7.344520e-02,   V: 7.344520e-02,   W: 7.916010e-02,   Local Coninuity: 3.754105e-02,   Global Mass Flux: 0.000000e+00
 Level 0, performed 1 iterations
iteration: 2    , U: 3.105870e-02,   V: 3.105870e-02,   W: 3.257046e-02,   Local Coninuity: 2.537705e-02,   Global Mass Flux: 0.000000e+00
 Level 0, performed 1 iterations
iteration: 3    , U: 1.665993e-02,   V: 1.665993e-02,   W: 1.774550e-02,   Local Coninuity: 1.859516e-02,   Global Mass Flux: 0.000000e+00
 Level 0, performed 1 iterations
iteration: 4    , U: 1.002400e-02,   V: 1.002400e-02,   W: 1.083520e-02,   Local Coninuity: 1.146350e-02,   Global Mass Flux: 0.000000e+00
 Level 0, performed 1 iterations
iteration: 5    , U: 6.048267e-03,   V: 6.048267e-03,   W: 6.936649e-03,   Local Coninuity: 8.269355e-03,   Global Mass Flux: 0.000000e+00
 Level 0, performed 1 iterations
iteration: 6    , U: 4.063694e-03,   V: 4.063694e-03,   W: 4.578460e-03,   Local Coninuity: 5.709730e-03,   Global Mass Flux: 0.000000e+00
 Level 0, performed 1 iterations
iteration: 7    , U: 2.763650e-03,   V: 2.763650e-03,   W: 3.035936e-03,   Local Coninuity: 4.351503e-03,   Global Mass Flux: 0.000000e+00
 Level 0, performed 1 iterations
iteration: 8    , U: 1.932348e-03,   V: 1.932348e-03,   W: 2.062816e-03,   Local Coninuity: 3.177858e-03,   Global Mass Flux: 0.000000e+00
 Level 0, performed 1 iterations
iteration: 9    , U: 1.370849e-03,   V: 1.370849e-03,   W: 1.423435e-03,   Local Coninuity: 2.188969e-03,   Global Mass Flux: 0.000000e+00
 Level 0, performed 1 iterations
iteration: 10   , U: 9.547099e-04,   V: 9.547099e-04,   W: 9.618273e-04,   Local Coninuity: 1.321707e-03,   Global Mass Flux: 0.000000e+00
 Level 0, performed 1 iterations
iteration: 11   , U: 6.691456e-04,   V: 6.691456e-04,   W: 6.597113e-04,   Local Coninuity: 1.031963e-03,   Global Mass Flux: 0.000000e+00
 Level 0, performed 1 iterations
iteration: 12   , U: 4.759014e-04,   V: 4.759014e-04,   W: 4.777296e-04,   Local Coninuity: 1.028174e-03,   Global Mass Flux: 0.000000e+00
 Level 0, performed 1 iterations
iteration: 13   , U: 3.524681e-04,   V: 3.524681e-04,   W: 3.527587e-04,   Local Coninuity: 9.247254e-04,   Global Mass Flux: 0.000000e+00
 Level 0, performed 1 iterations
iteration: 14   , U: 2.820714e-04,   V: 2.820714e-04,   W: 2.586483e-04,   Local Coninuity: 6.868600e-04,   Global Mass Flux: 0.000000e+00
 Level 0, performed 1 iterations
iteration: 15   , U: 2.243002e-04,   V: 2.243002e-04,   W: 1.862433e-04,   Local Coninuity: 4.111060e-04,   Global Mass Flux: 0.000000e+00
 Level 0, performed 1 iterations
iteration: 16   , U: 1.664644e-04,   V: 1.664644e-04,   W: 1.303739e-04,   Local Coninuity: 2.370205e-04,   Global Mass Flux: 0.000000e+00
 Level 0, performed 1 iterations
iteration: 17   , U: 1.228641e-04,   V: 1.228641e-04,   W: 9.424655e-05,   Local Coninuity: 2.676503e-04,   Global Mass Flux: 0.000000e+00
 Level 0, performed 1 iterations
iteration: 18   , U: 9.812549e-05,   V: 9.812549e-05,   W: 7.028173e-05,   Local Coninuity: 3.154879e-04,   Global Mass Flux: 0.000000e+00
 Level 0, performed 1 iterations
iteration: 19   , U: 8.571464e-05,   V: 8.571464e-05,   W: 5.185471e-05,   Local Coninuity: 2.972427e-04,   Global Mass Flux: 0.000000e+00
 Level 0, performed 1 iterations
iteration: 20   , U: 7.877320e-05,   V: 7.877320e-05,   W: 3.940092e-05,   Local Coninuity: 2.321350e-04,   Global Mass Flux: 0.000000e+00
 Level 0, performed 1 iterations
iteration: 21   , U: 6.880555e-05,   V: 6.880555e-05,   W: 3.157920e-05,   Local Coninuity: 1.632939e-04,   Global Mass Flux: 0.000000e+00
 Level 0, performed 1 iterations
iteration: 22   , U: 5.693580e-05,   V: 5.693580e-05,   W: 2.473231e-05,   Local Coninuity: 1.439108e-04,   Global Mass Flux: 0.000000e+00
 Level 0, performed 1 iterations
iteration: 23   , U: 4.856468e-05,   V: 4.856468e-05,   W: 1.978267e-05,   Local Coninuity: 1.416393e-04,   Global Mass Flux: 0.000000e+00
 Level 0, performed 1 iterations
iteration: 24   , U: 4.506210e-05,   V: 4.506210e-05,   W: 1.629840e-05,   Local Coninuity: 1.301442e-04,   Global Mass Flux: 0.000000e+00
 Level 0, performed 1 iterations
iteration: 25   , U: 4.319537e-05,   V: 4.319537e-05,   W: 1.470627e-05,   Local Coninuity: 1.002211e-04,   Global Mass Flux: 0.000000e+00
 Level 0, performed 1 iterations
iteration: 26   , U: 3.847579e-05,   V: 3.847579e-05,   W: 1.330537e-05,   Local Coninuity: 7.040819e-05,   Global Mass Flux: 0.000000e+00
 Level 0, performed 1 iterations
iteration: 27   , U: 3.250953e-05,   V: 3.250953e-05,   W: 1.202174e-05,   Local Coninuity: 6.480313e-05,   Global Mass Flux: 0.000000e+00
 Level 0, performed 1 iterations
iteration: 28   , U: 2.525629e-05,   V: 2.525629e-05,   W: 1.011592e-05,   Local Coninuity: 7.674243e-05,   Global Mass Flux: 0.000000e+00
 Level 0, performed 1 iterations
iteration: 29   , U: 1.924075e-05,   V: 1.924075e-05,   W: 8.387911e-06,   Local Coninuity: 9.141727e-05,   Global Mass Flux: 0.000000e+00
 Level 0, performed 1 iterations
iteration: 30   , U: 1.657154e-05,   V: 1.657154e-05,   W: 7.035411e-06,   Local Coninuity: 9.145296e-05,   Global Mass Flux: 0.000000e+00
 Level 0, performed 1 iterations
iteration: 31   , U: 1.907468e-05,   V: 1.907468e-05,   W: 6.564491e-06,   Local Coninuity: 7.769574e-05,   Global Mass Flux: 0.000000e+00
 Level 0, performed 1 iterations
iteration: 32   , U: 2.144960e-05,   V: 2.144960e-05,   W: 6.546746e-06,   Local Coninuity: 5.487129e-05,   Global Mass Flux: 0.000000e+00
 Level 0, performed 1 iterations
iteration: 33   , U: 2.092796e-05,   V: 2.092796e-05,   W: 6.398874e-06,   Local Coninuity: 2.985971e-05,   Global Mass Flux: 0.000000e+00
 Level 0, performed 1 iterations
iteration: 34   , U: 1.801379e-05,   V: 1.801379e-05,   W: 6.085880e-06,   Local Coninuity: 1.527700e-05,   Global Mass Flux: 0.000000e+00
 Level 0, performed 1 iterations
iteration: 35   , U: 1.490094e-05,   V: 1.490094e-05,   W: 5.750475e-06,   Local Coninuity: 2.435124e-05,   Global Mass Flux: 0.000000e+00
 Level 0, performed 1 iterations
iteration: 36   , U: 1.185817e-05,   V: 1.185817e-05,   W: 5.625410e-06,   Local Coninuity: 3.851379e-05,   Global Mass Flux: 0.000000e+00
 Level 0, performed 1 iterations
iteration: 37   , U: 8.670624e-06,   V: 8.670624e-06,   W: 5.121266e-06,   Local Coninuity: 4.647561e-05,   Global Mass Flux: 0.000000e+00
 Level 0, performed 1 iterations
iteration: 38   , U: 7.234896e-06,   V: 7.234896e-06,   W: 4.225663e-06,   Local Coninuity: 4.723667e-05,   Global Mass Flux: 0.000000e+00
 Level 0, performed 1 iterations
iteration: 39   , U: 8.755178e-06,   V: 8.755178e-06,   W: 3.360139e-06,   Local Coninuity: 4.184467e-05,   Global Mass Flux: 0.000000e+00
 Level 0, performed 1 iterations
iteration: 40   , U: 1.043642e-05,   V: 1.043642e-05,   W: 3.059245e-06,   Local Coninuity: 3.263216e-05,   Global Mass Flux: 0.000000e+00
 Level 0, performed 1 iterations
iteration: 41   , U: 1.093544e-05,   V: 1.093544e-05,   W: 3.317919e-06,   Local Coninuity: 2.213419e-05,   Global Mass Flux: 0.000000e+00
 Level 0, performed 1 iterations
iteration: 42   , U: 1.021625e-05,   V: 1.021625e-05,   W: 3.641589e-06,   Local Coninuity: 1.356395e-05,   Global Mass Flux: 0.000000e+00
 Level 0, performed 1 iterations
iteration: 43   , U: 8.893343e-06,   V: 8.893343e-06,   W: 3.757418e-06,   Local Coninuity: 1.244412e-05,   Global Mass Flux: 0.000000e+00
 Level 0, performed 1 iterations
iteration: 44   , U: 7.293237e-06,   V: 7.293237e-06,   W: 3.699642e-06,   Local Coninuity: 1.722636e-05,   Global Mass Flux: 0.000000e+00
 Level 0, performed 1 iterations
iteration: 45   , U: 5.467227e-06,   V: 5.467227e-06,   W: 3.485229e-06,   Local Coninuity: 2.223233e-05,   Global Mass Flux: 0.000000e+00
 Level 0, performed 1 iterations
iteration: 46   , U: 4.045409e-06,   V: 4.045409e-06,   W: 2.983602e-06,   Local Coninuity: 2.456655e-05,   Global Mass Flux: 0.000000e+00
 Level 0, performed 1 iterations
iteration: 47   , U: 4.141332e-06,   V: 4.141332e-06,   W: 2.324520e-06,   Local Coninuity: 2.442546e-05,   Global Mass Flux: 0.000000e+00
 Level 0, performed 1 iterations
iteration: 48   , U: 5.441017e-06,   V: 5.441017e-06,   W: 1.736854e-06,   Local Coninuity: 2.190495e-05,   Global Mass Flux: 0.000000e+00
 Level 0, performed 1 iterations
iteration: 49   , U: 6.269507e-06,   V: 6.269507e-06,   W: 1.604202e-06,   Local Coninuity: 1.737234e-05,   Global Mass Flux: 0.000000e+00
 Level 0, performed 1 iterations
iteration: 50   , U: 6.276685e-06,   V: 6.276685e-06,   W: 1.970180e-06,   Local Coninuity: 1.199244e-05,   Global Mass Flux: 0.000000e+00
 Level 0, performed 1 iterations
iteration: 51   , U: 5.621287e-06,   V: 5.621287e-06,   W: 2.269751e-06,   Local Coninuity: 8.249666e-06,   Global Mass Flux: 0.000000e+00
 Level 0, performed 1 iterations
iteration: 52   , U: 4.702593e-06,   V: 4.702593e-06,   W: 2.387037e-06,   Local Coninuity: 8.414925e-06,   Global Mass Flux: 0.000000e+00
 Level 0, performed 1 iterations
iteration: 53   , U: 3.628744e-06,   V: 3.628744e-06,   W: 2.359632e-06,   Local Coninuity: 1.112988e-05,   Global Mass Flux: 0.000000e+00
 Level 0, performed 1 iterations
iteration: 54   , U: 2.581520e-06,   V: 2.581520e-06,   W: 2.204044e-06,   Local Coninuity: 1.354658e-05,   Global Mass Flux: 0.000000e+00
 Level 0, performed 1 iterations
iteration: 55   , U: 2.085503e-06,   V: 2.085503e-06,   W: 1.863689e-06,   Local Coninuity: 1.468314e-05,   Global Mass Flux: 0.000000e+00
 Level 0, performed 1 iterations
iteration: 56   , U: 2.865379e-06,   V: 2.865379e-06,   W: 1.406216e-06,   Local Coninuity: 1.415781e-05,   Global Mass Flux: 0.000000e+00
 Level 0, performed 1 iterations
iteration: 57   , U: 3.613531e-06,   V: 3.613531e-06,   W: 9.950277e-07,   Local Coninuity: 1.217685e-05,   Global Mass Flux: 0.000000e+00
 Level 0, performed 1 iterations
iteration: 58   , U: 3.868401e-06,   V: 3.868401e-06,   W: 9.218574e-07,   Local Coninuity: 9.341278e-06,   Global Mass Flux: 0.000000e+00
 Level 0, performed 1 iterations
iteration: 59   , U: 3.657017e-06,   V: 3.657017e-06,   W: 1.215888e-06,   Local Coninuity: 6.760862e-06,   Global Mass Flux: 0.000000e+00
 Level 0, performed 1 iterations
iteration: 60   , U: 3.150300e-06,   V: 3.150300e-06,   W: 1.434926e-06,   Local Coninuity: 5.447174e-06,   Global Mass Flux: 0.000000e+00
 Level 0, performed 1 iterations
iteration: 61   , U: 2.493901e-06,   V: 2.493901e-06,   W: 1.510185e-06,   Local Coninuity: 6.063008e-06,   Global Mass Flux: 0.000000e+00
 Level 0, performed 1 iterations
iteration: 62   , U: 1.792076e-06,   V: 1.792076e-06,   W: 1.512381e-06,   Local Coninuity: 7.579689e-06,   Global Mass Flux: 0.000000e+00
 Level 0, performed 1 iterations
iteration: 63   , U: 1.258191e-06,   V: 1.258191e-06,   W: 1.389901e-06,   Local Coninuity: 8.532083e-06,   Global Mass Flux: 0.000000e+00
 Level 0, performed 1 iterations
iteration: 64   , U: 1.442676e-06,   V: 1.442676e-06,   W: 1.151459e-06,   Local Coninuity: 8.638378e-06,   Global Mass Flux: 0.000000e+00
 Level 0, performed 1 iterations
iteration: 65   , U: 2.023656e-06,   V: 2.023656e-06,   W: 8.449851e-07,   Local Coninuity: 7.927921e-06,   Global Mass Flux: 0.000000e+00
 Level 0, performed 1 iterations
iteration: 66   , U: 2.344128e-06,   V: 2.344128e-06,   W: 5.803738e-07,   Local Coninuity: 6.591819e-06,   Global Mass Flux: 0.000000e+00
 Level 0, performed 1 iterations
iteration: 67   , U: 2.366049e-06,   V: 2.366049e-06,   W: 5.476645e-07,   Local Coninuity: 5.137003e-06,   Global Mass Flux: 0.000000e+00
 Level 0, performed 1 iterations
iteration: 68   , U: 2.152096e-06,   V: 2.152096e-06,   W: 7.542860e-07,   Local Coninuity: 4.173394e-06,   Global Mass Flux: 0.000000e+00
 Level 0, performed 1 iterations
iteration: 69   , U: 1.784261e-06,   V: 1.784261e-06,   W: 8.945772e-07,   Local Coninuity: 3.804160e-06,   Global Mass Flux: 0.000000e+00
 Level 0, performed 1 iterations
iteration: 70   , U: 1.343438e-06,   V: 1.343438e-06,   W: 9.525944e-07,   Local Coninuity: 4.383836e-06,   Global Mass Flux: 0.000000e+00
 Level 0, performed 1 iterations
iteration: 71   , U: 9.200204e-07,   V: 9.200204e-07,   W: 9.501101e-07,   Local Coninuity: 5.013974e-06,   Global Mass Flux: 0.000000e+00
 Level 0, performed 1 iterations
iteration: 72   , U: 7.468398e-07,   V: 7.468398e-07,   W: 8.612194e-07,   Local Coninuity: 5.234281e-06,   Global Mass Flux: 0.000000e+00
 Level 0, performed 1 iterations
iteration: 73   , U: 1.081465e-06,   V: 1.081465e-06,   W: 7.041093e-07,   Local Coninuity: 5.048830e-06,   Global Mass Flux: 0.000000e+00
 Level 0, performed 1 iterations
iteration: 74   , U: 1.381731e-06,   V: 1.381731e-06,   W: 5.107171e-07,   Local Coninuity: 4.460366e-06,   Global Mass Flux: 0.000000e+00
 Level 0, performed 1 iterations
iteration: 75   , U: 1.500317e-06,   V: 1.500317e-06,   W: 3.472897e-07,   Local Coninuity: 3.651817e-06,   Global Mass Flux: 0.000000e+00
 Level 0, performed 1 iterations
iteration: 76   , U: 1.446907e-06,   V: 1.446907e-06,   W: 3.330166e-07,   Local Coninuity: 3.001552e-06,   Global Mass Flux: 0.000000e+00
 Level 0, performed 1 iterations
iteration: 77   , U: 1.274128e-06,   V: 1.274128e-06,   W: 4.645202e-07,   Local Coninuity: 2.664356e-06,   Global Mass Flux: 0.000000e+00
 Level 0, performed 1 iterations
iteration: 78   , U: 1.016514e-06,   V: 1.016514e-06,   W: 5.513159e-07,   Local Coninuity: 2.662679e-06,   Global Mass Flux: 0.000000e+00
 Level 0, performed 1 iterations
iteration: 79   , U: 7.296614e-07,   V: 7.296614e-07,   W: 5.938295e-07,   Local Coninuity: 3.025507e-06,   Global Mass Flux: 0.000000e+00
 Level 0, performed 1 iterations
iteration: 80   , U: 4.987676e-07,   V: 4.987676e-07,   W: 5.883563e-07,   Local Coninuity: 3.236708e-06,   Global Mass Flux: 0.000000e+00
 Level 0, performed 1 iterations
iteration: 81   , U: 5.330749e-07,   V: 5.330749e-07,   W: 5.281335e-07,   Local Coninuity: 3.192517e-06,   Global Mass Flux: 0.000000e+00
 Level 0, performed 1 iterations
iteration: 82   , U: 7.695941e-07,   V: 7.695941e-07,   W: 4.273854e-07,   Local Coninuity: 2.946961e-06,   Global Mass Flux: 0.000000e+00
 Level 0, performed 1 iterations
iteration: 83   , U: 9.140067e-07,   V: 9.140067e-07,   W: 3.078139e-07,   Local Coninuity: 2.515198e-06,   Global Mass Flux: 0.000000e+00
 Level 0, performed 1 iterations
iteration: 84   , U: 9.446255e-07,   V: 9.446255e-07,   W: 2.072841e-07,   Local Coninuity: 2.057158e-06,   Global Mass Flux: 0.000000e+00
 Level 0, performed 1 iterations
iteration: 85   , U: 8.810095e-07,   V: 8.810095e-07,   W: 2.030842e-07,   Local Coninuity: 1.803633e-06,   Global Mass Flux: 0.000000e+00
 Level 0, performed 1 iterations
iteration: 86   , U: 7.542807e-07,   V: 7.542807e-07,   W: 2.834078e-07,   Local Coninuity: 1.718117e-06,   Global Mass Flux: 0.000000e+00
 Level 0, performed 1 iterations
iteration: 87   , U: 5.821013e-07,   V: 5.821013e-07,   W: 3.373849e-07,   Local Coninuity: 1.827365e-06,   Global Mass Flux: 0.000000e+00
 Level 0, performed 1 iterations
iteration: 88   , U: 4.013619e-07,   V: 4.013619e-07,   W: 3.653917e-07,   Local Coninuity: 2.012951e-06,   Global Mass Flux: 0.000000e+00
 Level 0, performed 1 iterations
iteration: 89   , U: 2.941691e-07,   V: 2.941691e-07,   W: 3.597116e-07,   Local Coninuity: 2.051525e-06,   Global Mass Flux: 0.000000e+00
 Level 0, performed 1 iterations
iteration: 90   , U: 3.910421e-07,   V: 3.910421e-07,   W: 3.203754e-07,   Local Coninuity: 1.934198e-06,   Global Mass Flux: 0.000000e+00
 Level 0, performed 1 iterations
iteration: 91   , U: 5.238006e-07,   V: 5.238006e-07,   W: 2.572105e-07,   Local Coninuity: 1.713710e-06,   Global Mass Flux: 0.000000e+00
 Level 0, performed 1 iterations
iteration: 92   , U: 5.900385e-07,   V: 5.900385e-07,   W: 1.840138e-07,   Local Coninuity: 1.418418e-06,   Global Mass Flux: 0.000000e+00
 Level 0, performed 1 iterations
iteration: 93   , U: 5.875037e-07,   V: 5.875037e-07,   W: 1.236602e-07,   Local Coninuity: 1.177649e-06,   Global Mass Flux: 0.000000e+00
 Level 0, performed 1 iterations
iteration: 94   , U: 5.348908e-07,   V: 5.348908e-07,   W: 1.238376e-07,   Local Coninuity: 1.099773e-06,   Global Mass Flux: 0.000000e+00
 Level 0, performed 1 iterations
iteration: 95   , U: 4.464002e-07,   V: 4.464002e-07,   W: 1.715832e-07,   Local Coninuity: 1.109065e-06,   Global Mass Flux: 0.000000e+00
 Level 0, performed 1 iterations
iteration: 96   , U: 3.340811e-07,   V: 3.340811e-07,   W: 2.048004e-07,   Local Coninuity: 1.217831e-06,   Global Mass Flux: 0.000000e+00
 Level 0, performed 1 iterations
iteration: 97   , U: 2.256947e-07,   V: 2.256947e-07,   W: 2.223687e-07,   Local Coninuity: 1.304074e-06,   Global Mass Flux: 0.000000e+00
 Level 0, performed 1 iterations
iteration: 98   , U: 1.884781e-07,   V: 1.884781e-07,   W: 2.176026e-07,   Local Coninuity: 1.280628e-06,   Global Mass Flux: 0.000000e+00
 Level 0, performed 1 iterations
iteration: 99   , U: 2.736795e-07,   V: 2.736795e-07,   W: 1.924845e-07,   Local Coninuity: 1.162282e-06,   Global Mass Flux: 0.000000e+00
 Level 0, performed 1 iterations
iteration: 100  , U: 3.451967e-07,   V: 3.451967e-07,   W: 1.535152e-07,   Local Coninuity: 9.913259e-07,   Global Mass Flux: 0.000000e+00
 Level 0, performed 1 iterations
iteration: 101  , U: 3.738574e-07,   V: 3.738574e-07,   W: 1.091388e-07,   Local Coninuity: 7.990207e-07,   Global Mass Flux: 0.000000e+00
 Level 0, performed 1 iterations
iteration: 102  , U: 3.618674e-07,   V: 3.618674e-07,   W: 7.340386e-08,   Local Coninuity: 6.822646e-07,   Global Mass Flux: 0.000000e+00
 Level 0, performed 1 iterations
iteration: 103  , U: 3.233312e-07,   V: 3.233312e-07,   W: 7.524351e-08,   Local Coninuity: 6.731503e-07,   Global Mass Flux: 0.000000e+00
 Level 0, performed 1 iterations
iteration: 104  , U: 2.637727e-07,   V: 2.637727e-07,   W: 1.030830e-07,   Local Coninuity: 7.130112e-07,   Global Mass Flux: 0.000000e+00
 Level 0, performed 1 iterations
iteration: 105  , U: 1.919124e-07,   V: 1.919124e-07,   W: 1.237121e-07,   Local Coninuity: 7.936593e-07,   Global Mass Flux: 0.000000e+00
 Level 0, performed 1 iterations
iteration: 106  , U: 1.299182e-07,   V: 1.299182e-07,   W: 1.339948e-07,   Local Coninuity: 8.288942e-07,   Global Mass Flux: 0.000000e+00
 Level 0, performed 1 iterations
iteration: 107  , U: 1.278016e-07,   V: 1.278016e-07,   W: 1.303750e-07,   Local Coninuity: 7.897475e-07,   Global Mass Flux: 0.000000e+00
 Level 0, performed 1 iterations
iteration: 108  , U: 1.842542e-07,   V: 1.842542e-07,   W: 1.146184e-07,   Local Coninuity: 6.932670e-07,   Global Mass Flux: 0.000000e+00
 Level 0, performed 1 iterations
iteration: 109  , U: 2.222233e-07,   V: 2.222233e-07,   W: 9.090483e-08,   Local Coninuity: 5.709674e-07,   Global Mass Flux: 0.000000e+00
 Level 0, performed 1 iterations
iteration: 110  , U: 2.334204e-07,   V: 2.334204e-07,   W: 6.430601e-08,   Local Coninuity: 4.501182e-07,   Global Mass Flux: 0.000000e+00
 Level 0, performed 1 iterations
iteration: 111  , U: 2.210069e-07,   V: 2.210069e-07,   W: 4.359374e-08,   Local Coninuity: 3.976013e-07,   Global Mass Flux: 0.000000e+00
 Level 0, performed 1 iterations
iteration: 112  , U: 1.943527e-07,   V: 1.943527e-07,   W: 4.534969e-08,   Local Coninuity: 4.118402e-07,   Global Mass Flux: 0.000000e+00
 Level 0, performed 1 iterations
iteration: 113  , U: 1.555005e-07,   V: 1.555005e-07,   W: 6.157364e-08,   Local Coninuity: 4.551164e-07,   Global Mass Flux: 0.000000e+00
 Level 0, performed 1 iterations
iteration: 114  , U: 1.103791e-07,   V: 1.103791e-07,   W: 7.419340e-08,   Local Coninuity: 5.069704e-07,   Global Mass Flux: 0.000000e+00
 Level 0, performed 1 iterations
iteration: 115  , U: 7.628386e-08,   V: 7.628386e-08,   W: 7.999382e-08,   Local Coninuity: 5.182372e-07,   Global Mass Flux: 0.000000e+00
 Level 0, performed 1 iterations
iteration: 116  , U: 8.672459e-08,   V: 8.672459e-08,   W: 7.741282e-08,   Local Coninuity: 4.814836e-07,   Global Mass Flux: 0.000000e+00
 Level 0, performed 1 iterations
iteration: 117  , U: 1.204557e-07,   V: 1.204557e-07,   W: 6.767638e-08,   Local Coninuity: 4.104132e-07,   Global Mass Flux: 0.000000e+00
 Level 0, performed 1 iterations
iteration: 118  , U: 1.403786e-07,   V: 1.403786e-07,   W: 5.342662e-08,   Local Coninuity: 3.272382e-07,   Global Mass Flux: 0.000000e+00
 Level 0, performed 1 iterations
iteration: 119  , U: 1.438471e-07,   V: 1.438471e-07,   W: 3.764286e-08,   Local Coninuity: 2.533358e-07,   Global Mass Flux: 0.000000e+00
 Level 0, performed 1 iterations
iteration: 120  , U: 1.338373e-07,   V: 1.338373e-07,   W: 2.579610e-08,   Local Coninuity: 2.326546e-07,   Global Mass Flux: 0.000000e+00
 Level 0, performed 1 iterations
iteration: 121  , U: 1.160778e-07,   V: 1.160778e-07,   W: 2.712841e-08,   Local Coninuity: 2.516266e-07,   Global Mass Flux: 0.000000e+00
 Level 0, performed 1 iterations
iteration: 122  , U: 9.132338e-08,   V: 9.132338e-08,   W: 3.654260e-08,   Local Coninuity: 2.874890e-07,   Global Mass Flux: 0.000000e+00
 Level 0, performed 1 iterations
iteration: 123  , U: 6.354150e-08,   V: 6.354150e-08,   W: 4.413222e-08,   Local Coninuity: 3.183826e-07,   Global Mass Flux: 0.000000e+00
 Level 0, performed 1 iterations
iteration: 124  , U: 4.551960e-08,   V: 4.551960e-08,   W: 4.734247e-08,   Local Coninuity: 3.195945e-07,   Global Mass Flux: 0.000000e+00
 Level 0, performed 1 iterations
iteration: 125  , U: 5.754232e-08,   V: 5.754232e-08,   W: 4.558696e-08,   Local Coninuity: 2.906440e-07,   Global Mass Flux: 0.000000e+00
 Level 0, performed 1 iterations
iteration: 126  , U: 7.698654e-08,   V: 7.698654e-08,   W: 3.964617e-08,   Local Coninuity: 2.413454e-07,   Global Mass Flux: 0.000000e+00
 Level 0, performed 1 iterations
iteration: 127  , U: 8.730650e-08,   V: 8.730650e-08,   W: 3.116783e-08,   Local Coninuity: 1.866332e-07,   Global Mass Flux: 0.000000e+00
 Level 0, performed 1 iterations
iteration: 128  , U: 8.764530e-08,   V: 8.764530e-08,   W: 2.188972e-08,   Local Coninuity: 1.424298e-07,   Global Mass Flux: 0.000000e+00
 Level 0, performed 1 iterations
iteration: 129  , U: 8.041082e-08,   V: 8.041082e-08,   W: 1.520694e-08,   Local Coninuity: 1.361531e-07,   Global Mass Flux: 0.000000e+00
 Level 0, performed 1 iterations
iteration: 130  , U: 6.889868e-08,   V: 6.889868e-08,   W: 1.610152e-08,   Local Coninuity: 1.533145e-07,   Global Mass Flux: 0.000000e+00
 Level 0, performed 1 iterations
iteration: 131  , U: 5.340068e-08,   V: 5.340068e-08,   W: 2.157772e-08,   Local Coninuity: 1.794850e-07,   Global Mass Flux: 0.000000e+00
 Level 0, performed 1 iterations
iteration: 132  , U: 3.662903e-08,   V: 3.662903e-08,   W: 2.605054e-08,   Local Coninuity: 1.970341e-07,   Global Mass Flux: 0.000000e+00
 Level 0, performed 1 iterations
iteration: 133  , U: 2.749423e-08,   V: 2.749423e-08,   W: 2.779882e-08,   Local Coninuity: 1.947441e-07,   Global Mass Flux: 0.000000e+00
 Level 0, performed 1 iterations
iteration: 134  , U: 3.728524e-08,   V: 3.728524e-08,   W: 2.664005e-08,   Local Coninuity: 1.738603e-07,   Global Mass Flux: 0.000000e+00
 Level 0, performed 1 iterations
iteration: 135  , U: 4.832024e-08,   V: 4.832024e-08,   W: 2.305423e-08,   Local Coninuity: 1.409997e-07,   Global Mass Flux: 0.000000e+00
 Level 0, performed 1 iterations
iteration: 136  , U: 5.358831e-08,   V: 5.358831e-08,   W: 1.805178e-08,   Local Coninuity: 1.058883e-07,   Global Mass Flux: 0.000000e+00
 Level 0, performed 1 iterations
iteration: 137  , U: 5.286745e-08,   V: 5.286745e-08,   W: 1.264280e-08,   Local Coninuity: 7.995511e-08,   Global Mass Flux: 0.000000e+00
 Level 0, performed 1 iterations
iteration: 138  , U: 4.795493e-08,   V: 4.795493e-08,   W: 8.909867e-09,   Local Coninuity: 7.966170e-08,   Global Mass Flux: 0.000000e+00
 Level 0, performed 1 iterations
iteration: 139  , U: 4.064647e-08,   V: 4.064647e-08,   W: 9.497346e-09,   Local Coninuity: 9.316175e-08,   Global Mass Flux: 0.000000e+00
 Level 0, performed 1 iterations
iteration: 140  , U: 3.106600e-08,   V: 3.106600e-08,   W: 1.269958e-08,   Local Coninuity: 1.107857e-07,   Global Mass Flux: 0.000000e+00
 Level 0, performed 1 iterations
iteration: 141  , U: 2.112465e-08,   V: 2.112465e-08,   W: 1.527097e-08,   Local Coninuity: 1.204530e-07,   Global Mass Flux: 0.000000e+00
 Level 0, performed 1 iterations
iteration: 142  , U: 1.674048e-08,   V: 1.674048e-08,   W: 1.620654e-08,   Local Coninuity: 1.174538e-07,   Global Mass Flux: 0.000000e+00
 Level 0, performed 1 iterations
iteration: 143  , U: 2.367700e-08,   V: 2.367700e-08,   W: 1.545500e-08,   Local Coninuity: 1.031606e-07,   Global Mass Flux: 0.000000e+00
 Level 0, performed 1 iterations
iteration: 144  , U: 2.988043e-08,   V: 2.988043e-08,   W: 1.331130e-08,   Local Coninuity: 8.186461e-08,   Global Mass Flux: 0.000000e+00
 Level 0, performed 1 iterations
iteration: 145  , U: 3.252280e-08,   V: 3.252280e-08,   W: 1.038165e-08,   Local Coninuity: 5.976343e-08,   Global Mass Flux: 0.000000e+00
 Level 0, performed 1 iterations
iteration: 146  , U: 3.160785e-08,   V: 3.160785e-08,   W: 7.254498e-09,   Local Coninuity: 4.480684e-08,   Global Mass Flux: 0.000000e+00
 Level 0, performed 1 iterations
iteration: 147  , U: 2.839803e-08,   V: 2.839803e-08,   W: 5.192856e-09,   Local Coninuity: 4.655530e-08,   Global Mass Flux: 0.000000e+00
 Level 0, performed 1 iterations
iteration: 148  , U: 2.384339e-08,   V: 2.384339e-08,   W: 5.572747e-09,   Local Coninuity: 5.642446e-08,   Global Mass Flux: 0.000000e+00
 Level 0, performed 1 iterations
iteration: 149  , U: 1.798109e-08,   V: 1.798109e-08,   W: 7.438548e-09,   Local Coninuity: 6.764003e-08,   Global Mass Flux: 0.000000e+00
 Level 0, performed 1 iterations
iteration: 150  , U: 1.217824e-08,   V: 1.217824e-08,   W: 8.891830e-09,   Local Coninuity: 7.284243e-08,   Global Mass Flux: 0.000000e+00
 Level 0, performed 1 iterations
iteration: 151  , U: 1.028616e-08,   V: 1.028616e-08,   W: 9.383478e-09,   Local Coninuity: 7.018178e-08,   Global Mass Flux: 0.000000e+00
 Level 0, performed 1 iterations
iteration: 152  , U: 1.478725e-08,   V: 1.478725e-08,   W: 8.903152e-09,   Local Coninuity: 6.074038e-08,   Global Mass Flux: 0.000000e+00
 Level 0, performed 1 iterations
iteration: 153  , U: 1.824736e-08,   V: 1.824736e-08,   W: 7.632937e-09,   Local Coninuity: 4.723256e-08,   Global Mass Flux: 0.000000e+00
 Level 0, performed 1 iterations
iteration: 154  , U: 1.954266e-08,   V: 1.954266e-08,   W: 5.928650e-09,   Local Coninuity: 3.354166e-08,   Global Mass Flux: 0.000000e+00
 Level 0, performed 1 iterations
iteration: 155  , U: 1.874398e-08,   V: 1.874398e-08,   W: 4.134977e-09,   Local Coninuity: 2.505792e-08,   Global Mass Flux: 0.000000e+00
 Level 0, performed 1 iterations
iteration: 156  , U: 1.670324e-08,   V: 1.670324e-08,   W: 3.007830e-09,   Local Coninuity: 2.715116e-08,   Global Mass Flux: 0.000000e+00
 Level 0, performed 1 iterations
iteration: 157  , U: 1.390800e-08,   V: 1.390800e-08,   W: 3.257100e-09,   Local Coninuity: 3.401776e-08,   Global Mass Flux: 0.000000e+00
 Level 0, performed 1 iterations
iteration: 158  , U: 1.035277e-08,   V: 1.035277e-08,   W: 4.334425e-09,   Local Coninuity: 4.089140e-08,   Global Mass Flux: 0.000000e+00
 Level 0, performed 1 iterations
iteration: 159  , U: 7.005354e-09,   V: 7.005354e-09,   W: 5.144772e-09,   Local Coninuity: 4.363468e-08,   Global Mass Flux: 0.000000e+00
 Level 0, performed 1 iterations
iteration: 160  , U: 6.325741e-09,   V: 6.325741e-09,   W: 5.397191e-09,   Local Coninuity: 4.158568e-08,   Global Mass Flux: 0.000000e+00
 Level 0, performed 1 iterations
iteration: 161  , U: 9.107634e-09,   V: 9.107634e-09,   W: 5.093792e-09,   Local Coninuity: 3.550747e-08,   Global Mass Flux: 0.000000e+00
 Level 0, performed 1 iterations
iteration: 162  , U: 1.102350e-08,   V: 1.102350e-08,   W: 4.347307e-09,   Local Coninuity: 2.708502e-08,   Global Mass Flux: 0.000000e+00
 Level 0, performed 1 iterations
iteration: 163  , U: 1.163867e-08,   V: 1.163867e-08,   W: 3.361963e-09,   Local Coninuity: 1.871747e-08,   Global Mass Flux: 0.000000e+00
 Level 0, performed 1 iterations
iteration: 164  , U: 1.103208e-08,   V: 1.103208e-08,   W: 2.342585e-09,   Local Coninuity: 1.398710e-08,   Global Mass Flux: 0.000000e+00
 Level 0, performed 1 iterations
iteration: 165  , U: 9.761671e-09,   V: 9.761671e-09,   W: 1.732737e-09,   Local Coninuity: 1.581089e-08,   Global Mass Flux: 0.000000e+00
 Level 0, performed 1 iterations
iteration: 166  , U: 8.065478e-09,   V: 8.065478e-09,   W: 1.893690e-09,   Local Coninuity: 2.039782e-08,   Global Mass Flux: 0.000000e+00
 Level 0, performed 1 iterations
iteration: 167  , U: 5.928825e-09,   V: 5.928825e-09,   W: 2.511556e-09,   Local Coninuity: 2.449599e-08,   Global Mass Flux: 0.000000e+00
 Level 0, performed 1 iterations
iteration: 168  , U: 4.022115e-09,   V: 4.022115e-09,   W: 2.958114e-09,   Local Coninuity: 2.591171e-08,   Global Mass Flux: 0.000000e+00
 Level 0, performed 1 iterations
iteration: 169  , U: 3.880968e-09,   V: 3.880968e-09,   W: 3.084259e-09,   Local Coninuity: 2.444758e-08,   Global Mass Flux: 0.000000e+00
 Level 0, performed 1 iterations
iteration: 170  , U: 5.543235e-09,   V: 5.543235e-09,   W: 2.894536e-09,   Local Coninuity: 2.061154e-08,   Global Mass Flux: 0.000000e+00
 Level 0, performed 1 iterations
iteration: 171  , U: 6.596197e-09,   V: 6.596197e-09,   W: 2.459207e-09,   Local Coninuity: 1.543436e-08,   Global Mass Flux: 0.000000e+00
 Level 0, performed 1 iterations
iteration: 172  , U: 6.874868e-09,   V: 6.874868e-09,   W: 1.892879e-09,   Local Coninuity: 1.038017e-08,   Global Mass Flux: 0.000000e+00
 Level 0, performed 1 iterations
iteration: 173  , U: 6.447132e-09,   V: 6.447132e-09,   W: 1.318792e-09,   Local Coninuity: 7.791670e-09,   Global Mass Flux: 0.000000e+00
 Level 0, performed 1 iterations
iteration: 174  , U: 5.669056e-09,   V: 5.669056e-09,   W: 9.919678e-10,   Local Coninuity: 9.196854e-09,   Global Mass Flux: 0.000000e+00
 Level 0, performed 1 iterations
iteration: 175  , U: 4.649823e-09,   V: 4.649823e-09,   W: 1.095985e-09,   Local Coninuity: 1.216052e-08,   Global Mass Flux: 0.000000e+00
 Level 0, performed 1 iterations
iteration: 176  , U: 3.376762e-09,   V: 3.376762e-09,   W: 1.447786e-09,   Local Coninuity: 1.455422e-08,   Global Mass Flux: 0.000000e+00
 Level 0, performed 1 iterations
iteration: 177  , U: 2.303878e-09,   V: 2.303878e-09,   W: 1.690821e-09,   Local Coninuity: 1.526637e-08,   Global Mass Flux: 0.000000e+00
 Level 0, performed 1 iterations
iteration: 178  , U: 2.367508e-09,   V: 2.367508e-09,   W: 1.751500e-09,   Local Coninuity: 1.426764e-08,   Global Mass Flux: 0.000000e+00
 Level 0, performed 1 iterations
iteration: 179  , U: 3.339237e-09,   V: 3.339237e-09,   W: 1.633795e-09,   Local Coninuity: 1.188469e-08,   Global Mass Flux: 0.000000e+00
 Level 0, performed 1 iterations
iteration: 180  , U: 3.913253e-09,   V: 3.913253e-09,   W: 1.381514e-09,   Local Coninuity: 8.740427e-09,   Global Mass Flux: 0.000000e+00
 Level 0, performed 1 iterations
iteration: 181  , U: 4.030304e-09,   V: 4.030304e-09,   W: 1.058025e-09,   Local Coninuity: 5.719261e-09,   Global Mass Flux: 0.000000e+00
 Level 0, performed 1 iterations
iteration: 182  , U: 3.742527e-09,   V: 3.742527e-09,   W: 7.377288e-10,   Local Coninuity: 4.328494e-09,   Global Mass Flux: 0.000000e+00
 Level 0, performed 1 iterations
iteration: 183  , U: 3.272514e-09,   V: 3.272514e-09,   W: 5.647329e-10,   Local Coninuity: 5.345910e-09,   Global Mass Flux: 0.000000e+00
 Level 0, performed 1 iterations
iteration: 184  , U: 2.664652e-09,   V: 2.664652e-09,   W: 6.325953e-10,   Local Coninuity: 7.208065e-09,   Global Mass Flux: 0.000000e+00
 Level 0, performed 1 iterations
iteration: 185  , U: 1.913067e-09,   V: 1.913067e-09,   W: 8.301396e-10,   Local Coninuity: 8.581231e-09,   Global Mass Flux: 0.000000e+00
 Level 0, performed 1 iterations
iteration: 186  , U: 1.316927e-09,   V: 1.316927e-09,   W: 9.607693e-10,   Local Coninuity: 8.927736e-09,   Global Mass Flux: 0.000000e+00
 Level 0, performed 1 iterations
iteration: 187  , U: 1.434663e-09,   V: 1.434663e-09,   W: 9.882860e-10,   Local Coninuity: 8.267859e-09,   Global Mass Flux: 0.000000e+00
 Level 0, performed 1 iterations
iteration: 188  , U: 1.993301e-09,   V: 1.993301e-09,   W: 9.158980e-10,   Local Coninuity: 6.806907e-09,   Global Mass Flux: 0.000000e+00
 Level 0, performed 1 iterations
iteration: 189  , U: 2.303379e-09,   V: 2.303379e-09,   W: 7.705333e-10,   Local Coninuity: 4.917294e-09,   Global Mass Flux: 0.000000e+00
 Level 0, performed 1 iterations
iteration: 190  , U: 2.345908e-09,   V: 2.345908e-09,   W: 5.868685e-10,   Local Coninuity: 3.128873e-09,   Global Mass Flux: 0.000000e+00
 Level 0, performed 1 iterations
iteration: 191  , U: 2.158566e-09,   V: 2.158566e-09,   W: 4.098352e-10,   Local Coninuity: 2.399636e-09,   Global Mass Flux: 0.000000e+00
 Level 0, performed 1 iterations
iteration: 192  , U: 1.877880e-09,   V: 1.877880e-09,   W: 3.196013e-10,   Local Coninuity: 3.106017e-09,   Global Mass Flux: 0.000000e+00
 Level 0, performed 1 iterations
iteration: 193  , U: 1.517576e-09,   V: 1.517576e-09,   W: 3.644798e-10,   Local Coninuity: 4.248280e-09,   Global Mass Flux: 0.000000e+00
 Level 0, performed 1 iterations
iteration: 194  , U: 1.077939e-09,   V: 1.077939e-09,   W: 4.736840e-10,   Local Coninuity: 5.024116e-09,   Global Mass Flux: 0.000000e+00
 Level 0, performed 1 iterations
iteration: 195  , U: 7.505170e-10,   V: 7.505170e-10,   W: 5.428887e-10,   Local Coninuity: 5.184772e-09,   Global Mass Flux: 0.000000e+00
 Level 0, performed 1 iterations
iteration: 196  , U: 8.630861e-10,   V: 8.630861e-10,   W: 5.540998e-10,   Local Coninuity: 4.758929e-09,   Global Mass Flux: 0.000000e+00
 Level 0, performed 1 iterations
iteration: 197  , U: 1.180152e-09,   V: 1.180152e-09,   W: 5.099006e-10,   Local Coninuity: 3.873042e-09,   Global Mass Flux: 0.000000e+00
 Level 0, performed 1 iterations
iteration: 198  , U: 1.345948e-09,   V: 1.345948e-09,   W: 4.265935e-10,   Local Coninuity: 2.747965e-09,   Global Mass Flux: 0.000000e+00
 Level 0, performed 1 iterations
iteration: 199  , U: 1.356224e-09,   V: 1.356224e-09,   W: 3.229450e-10,   Local Coninuity: 1.698942e-09,   Global Mass Flux: 0.000000e+00
 Level 0, performed 1 iterations
iteration: 200  , U: 1.237279e-09,   V: 1.237279e-09,   W: 2.261035e-10,   Local Coninuity: 1.328842e-09,   Global Mass Flux: 0.000000e+00
 Level 0, performed 1 iterations
iteration: 201  , U: 1.071377e-09,   V: 1.071377e-09,   W: 1.799981e-10,   Local Coninuity: 1.803851e-09,   Global Mass Flux: 0.000000e+00
 Level 0, performed 1 iterations
iteration: 202  , U: 8.588741e-10,   V: 8.588741e-10,   W: 2.092938e-10,   Local Coninuity: 2.489481e-09,   Global Mass Flux: 0.000000e+00
 Level 0, performed 1 iterations
iteration: 203  , U: 6.039918e-10,   V: 6.039918e-10,   W: 2.688797e-10,   Local Coninuity: 2.921909e-09,   Global Mass Flux: 0.000000e+00
 Level 0, performed 1 iterations
iteration: 204  , U: 4.267793e-10,   V: 4.267793e-10,   W: 3.049714e-10,   Local Coninuity: 2.990987e-09,   Global Mass Flux: 0.000000e+00
 Level 0, performed 1 iterations
iteration: 205  , U: 5.155971e-10,   V: 5.155971e-10,   W: 3.086204e-10,   Local Coninuity: 2.720985e-09,   Global Mass Flux: 0.000000e+00
 Level 0, performed 1 iterations
iteration: 206  , U: 6.935063e-10,   V: 6.935063e-10,   W: 2.818495e-10,   Local Coninuity: 2.188899e-09,   Global Mass Flux: 0.000000e+00
 Level 0, performed 1 iterations
iteration: 207  , U: 7.811010e-10,   V: 7.811010e-10,   W: 2.343411e-10,   Local Coninuity: 1.524677e-09,   Global Mass Flux: 0.000000e+00
 Level 0, performed 1 iterations
iteration: 208  , U: 7.789507e-10,   V: 7.789507e-10,   W: 1.761889e-10,   Local Coninuity: 9.148666e-10,   Global Mass Flux: 0.000000e+00
 Level 0, performed 1 iterations
iteration: 209  , U: 7.048952e-10,   V: 7.048952e-10,   W: 1.238214e-10,   Local Coninuity: 7.352012e-10,   Global Mass Flux: 0.000000e+00
 Level 0, performed 1 iterations
iteration: 210  , U: 6.077440e-10,   V: 6.077440e-10,   W: 1.010154e-10,   Local Coninuity: 1.047909e-09,   Global Mass Flux: 0.000000e+00
 Level 0, performed 1 iterations
iteration: 211  , U: 4.829944e-10,   V: 4.829944e-10,   W: 1.198068e-10,   Local Coninuity: 1.450782e-09,   Global Mass Flux: 0.000000e+00
 Level 0, performed 1 iterations
iteration: 212  , U: 3.365224e-10,   V: 3.365224e-10,   W: 1.519016e-10,   Local Coninuity: 1.688667e-09,   Global Mass Flux: 0.000000e+00
 Level 0, performed 1 iterations
iteration: 213  , U: 2.420936e-10,   V: 2.420936e-10,   W: 1.703405e-10,   Local Coninuity: 1.714383e-09,   Global Mass Flux: 0.000000e+00
 Level 0, performed 1 iterations
iteration: 214  , U: 3.059463e-10,   V: 3.059463e-10,   W: 1.707448e-10,   Local Coninuity: 1.545623e-09,   Global Mass Flux: 0.000000e+00
 Level 0, performed 1 iterations
iteration: 215  , U: 4.047232e-10,   V: 4.047232e-10,   W: 1.546419e-10,   Local Coninuity: 1.228697e-09,   Global Mass Flux: 0.000000e+00
 Level 0, performed 1 iterations
iteration: 216  , U: 4.503505e-10,   V: 4.503505e-10,   W: 1.276611e-10,   Local Coninuity: 8.396062e-10,   Global Mass Flux: 0.000000e+00
 Level 0, performed 1 iterations
iteration: 217  , U: 4.445288e-10,   V: 4.445288e-10,   W: 9.524813e-11,   Local Coninuity: 4.882810e-10,   Global Mass Flux: 0.000000e+00
 Level 0, performed 1 iterations
iteration: 218  , U: 3.991837e-10,   V: 3.991837e-10,   W: 6.729795e-11,   Local Coninuity: 4.069848e-10,   Global Mass Flux: 0.000000e+00
 Level 0, performed 1 iterations
iteration: 219  , U: 3.427700e-10,   V: 3.427700e-10,   W: 5.649486e-11,   Local Coninuity: 6.081206e-10,   Global Mass Flux: 0.000000e+00
 Level 0, performed 1 iterations
iteration: 220  , U: 2.698290e-10,   V: 2.698290e-10,   W: 6.830793e-11,   Local Coninuity: 8.408608e-10,   Global Mass Flux: 0.000000e+00
 Level 0, performed 1 iterations
iteration: 221  , U: 1.864331e-10,   V: 1.864331e-10,   W: 8.537565e-11,   Local Coninuity: 9.700211e-10,   Global Mass Flux: 0.000000e+00
 Level 0, performed 1 iterations
iteration: 222  , U: 1.371143e-10,   V: 1.371143e-10,   W: 9.457230e-11,   Local Coninuity: 9.764264e-10,   Global Mass Flux: 0.000000e+00
 Level 0, performed 1 iterations
iteration: 223  , U: 1.803923e-10,   V: 1.803923e-10,   W: 9.379347e-11,   Local Coninuity: 8.721766e-10,   Global Mass Flux: 0.000000e+00
 Level 0, performed 1 iterations
iteration: 224  , U: 2.346632e-10,   V: 2.346632e-10,   W: 8.417903e-11,   Local Coninuity: 6.848142e-10,   Global Mass Flux: 0.000000e+00
 Level 0, performed 1 iterations
iteration: 225  , U: 2.580219e-10,   V: 2.580219e-10,   W: 6.891543e-11,   Local Coninuity: 4.585533e-10,   Global Mass Flux: 0.000000e+00
 Level 0, performed 1 iterations
iteration: 226  , U: 2.520816e-10,   V: 2.520816e-10,   W: 5.098052e-11,   Local Coninuity: 2.580604e-10,   Global Mass Flux: 0.000000e+00
 Level 0, performed 1 iterations
iteration: 227  , U: 2.247308e-10,   V: 2.247308e-10,   W: 3.628175e-11,   Local Coninuity: 2.257160e-10,   Global Mass Flux: 0.000000e+00
 Level 0, performed 1 iterations
iteration: 228  , U: 1.921444e-10,   V: 1.921444e-10,   W: 3.147846e-11,   Local Coninuity: 3.525512e-10,   Global Mass Flux: 0.000000e+00
 Level 0, performed 1 iterations
iteration: 229  , U: 1.496997e-10,   V: 1.496997e-10,   W: 3.881242e-11,   Local Coninuity: 4.848680e-10,   Global Mass Flux: 0.000000e+00
 Level 0, performed 1 iterations
iteration: 230  , U: 1.026660e-10,   V: 1.026660e-10,   W: 4.776357e-11,   Local Coninuity: 5.539678e-10,   Global Mass Flux: 0.000000e+00
 Level 0, performed 1 iterations
iteration: 231  , U: 7.758767e-11,   V: 7.758767e-11,   W: 5.219531e-11,   Local Coninuity: 5.526761e-10,   Global Mass Flux: 0.000000e+00
 Level 0, performed 1 iterations
iteration: 232  , U: 1.057265e-10,   V: 1.057265e-10,   W: 5.114677e-11,   Local Coninuity: 4.888892e-10,   Global Mass Flux: 0.000000e+00
 Level 0, performed 1 iterations
iteration: 233  , U: 1.352274e-10,   V: 1.352274e-10,   W: 4.543245e-11,   Local Coninuity: 3.788757e-10,   Global Mass Flux: 0.000000e+00
 Level 0, performed 1 iterations
iteration: 234  , U: 1.469256e-10,   V: 1.469256e-10,   W: 3.683720e-11,   Local Coninuity: 2.482125e-10,   Global Mass Flux: 0.000000e+00
 Level 0, performed 1 iterations
iteration: 235  , U: 1.420477e-10,   V: 1.420477e-10,   W: 2.700204e-11,   Local Coninuity: 1.349761e-10,   Global Mass Flux: 0.000000e+00
 Level 0, performed 1 iterations
iteration: 236  , U: 1.257785e-10,   V: 1.257785e-10,   W: 1.940467e-11,   Local Coninuity: 1.258036e-10,   Global Mass Flux: 0.000000e+00
 Level 0, performed 1 iterations
iteration: 237  , U: 1.070343e-10,   V: 1.070343e-10,   W: 1.748983e-11,   Local Coninuity: 2.040734e-10,   Global Mass Flux: 0.000000e+00
 Level 0, performed 1 iterations
iteration: 238  , U: 8.244839e-11,   V: 8.244839e-11,   W: 2.196776e-11,   Local Coninuity: 2.781845e-10,   Global Mass Flux: 0.000000e+00
 Level 0, performed 1 iterations
iteration: 239  , U: 5.620884e-11,   V: 5.620884e-11,   W: 2.658604e-11,   Local Coninuity: 3.145492e-10,   Global Mass Flux: 0.000000e+00
 Level 0, performed 1 iterations
iteration: 240  , U: 4.397040e-11,   V: 4.397040e-11,   W: 2.862208e-11,   Local Coninuity: 3.108620e-10,   Global Mass Flux: 0.000000e+00
 Level 0, performed 1 iterations
iteration: 241  , U: 6.161662e-11,   V: 6.161662e-11,   W: 2.767229e-11,   Local Coninuity: 2.721514e-10,   Global Mass Flux: 0.000000e+00
 Level 0, performed 1 iterations
iteration: 242  , U: 7.746775e-11,   V: 7.746775e-11,   W: 2.428968e-11,   Local Coninuity: 2.079610e-10,   Global Mass Flux: 0.000000e+00
 Level 0, performed 1 iterations
iteration: 243  , U: 8.315939e-11,   V: 8.315939e-11,   W: 1.947259e-11,   Local Coninuity: 1.330113e-10,   Global Mass Flux: 0.000000e+00
 Level 0, performed 1 iterations
iteration: 244  , U: 7.953364e-11,   V: 7.953364e-11,   W: 1.413330e-11,   Local Coninuity: 6.983215e-11,   Global Mass Flux: 0.000000e+00
 Level 0, performed 1 iterations
iteration: 245  , U: 6.997948e-11,   V: 6.997948e-11,   W: 1.029495e-11,   Local Coninuity: 7.065081e-11,   Global Mass Flux: 0.000000e+00
 Level 0, performed 1 iterations
iteration: 246  , U: 5.923023e-11,   V: 5.923023e-11,   W: 9.735141e-12,   Local Coninuity: 1.179838e-10,   Global Mass Flux: 0.000000e+00
 Level 0, performed 1 iterations
iteration: 247  , U: 4.505455e-11,   V: 4.505455e-11,   W: 1.239410e-11,   Local Coninuity: 1.588434e-10,   Global Mass Flux: 0.000000e+00
 Level 0, performed 1 iterations
iteration: 248  , U: 3.057665e-11,   V: 3.057665e-11,   W: 1.472671e-11,   Local Coninuity: 1.775984e-10,   Global Mass Flux: 0.000000e+00
 Level 0, performed 1 iterations
iteration: 249  , U: 2.504471e-11,   V: 2.504471e-11,   W: 1.559283e-11,   Local Coninuity: 1.737529e-10,   Global Mass Flux: 0.000000e+00
 Level 0, performed 1 iterations
iteration: 250  , U: 3.571884e-11,   V: 3.571884e-11,   W: 1.484895e-11,   Local Coninuity: 1.504222e-10,   Global Mass Flux: 0.000000e+00
 Level 0, performed 1 iterations
iteration: 251  , U: 4.412555e-11,   V: 4.412555e-11,   W: 1.285243e-11,   Local Coninuity: 1.131951e-10,   Global Mass Flux: 0.000000e+00
 Level 0, performed 1 iterations
iteration: 252  , U: 4.678421e-11,   V: 4.678421e-11,   W: 1.016447e-11,   Local Coninuity: 7.047909e-11,   Global Mass Flux: 0.000000e+00
 Level 0, performed 1 iterations
iteration: 253  , U: 4.424197e-11,   V: 4.424197e-11,   W: 7.299919e-12,   Local Coninuity: 3.574816e-11,   Global Mass Flux: 0.000000e+00
 Level 0, performed 1 iterations
iteration: 254  , U: 3.870429e-11,   V: 3.870429e-11,   W: 5.418308e-12,   Local Coninuity: 4.006712e-11,   Global Mass Flux: 0.000000e+00
 Level 0, performed 1 iterations
iteration: 255  , U: 3.254480e-11,   V: 3.254480e-11,   W: 5.449280e-12,   Local Coninuity: 6.809590e-11,   Global Mass Flux: 0.000000e+00
 Level 0, performed 1 iterations
iteration: 256  , U: 2.441876e-11,   V: 2.441876e-11,   W: 6.966563e-12,   Local Coninuity: 9.027298e-11,   Global Mass Flux: 0.000000e+00
 Level 0, performed 1 iterations
iteration: 257  , U: 1.652494e-11,   V: 1.652494e-11,   W: 8.114474e-12,   Local Coninuity: 9.971183e-11,   Global Mass Flux: 0.000000e+00
 Level 0, performed 1 iterations
iteration: 258  , U: 1.435179e-11,   V: 1.435179e-11,   W: 8.433399e-12,   Local Coninuity: 9.648639e-11,   Global Mass Flux: 0.000000e+00
 Level 0, performed 1 iterations
iteration: 259  , U: 2.060143e-11,   V: 2.060143e-11,   W: 7.894999e-12,   Local Coninuity: 8.251252e-11,   Global Mass Flux: 0.000000e+00
 Level 0, performed 1 iterations
iteration: 260  , U: 2.499417e-11,   V: 2.499417e-11,   W: 6.721101e-12,   Local Coninuity: 6.105233e-11,   Global Mass Flux: 0.000000e+00
 Level 0, performed 1 iterations
iteration: 261  , U: 2.615993e-11,   V: 2.615993e-11,   W: 5.228609e-12,   Local Coninuity: 3.685770e-11,   Global Mass Flux: 0.000000e+00
 Level 0, performed 1 iterations
iteration: 262  , U: 2.444530e-11,   V: 2.444530e-11,   W: 3.713887e-12,   Local Coninuity: 1.815256e-11,   Global Mass Flux: 0.000000e+00
 Level 0, performed 1 iterations
iteration: 263  , U: 2.127842e-11,   V: 2.127842e-11,   W: 2.835369e-12,   Local Coninuity: 2.299913e-11,   Global Mass Flux: 0.000000e+00
 Level 0, performed 1 iterations
iteration: 264  , U: 1.774456e-11,   V: 1.774456e-11,   W: 3.068456e-12,   Local Coninuity: 3.922756e-11,   Global Mass Flux: 0.000000e+00
 Level 0, performed 1 iterations
iteration: 265  , U: 1.311964e-11,   V: 1.311964e-11,   W: 3.904067e-12,   Local Coninuity: 5.107345e-11,   Global Mass Flux: 0.000000e+00
 Level 0, performed 1 iterations
iteration: 266  , U: 8.874750e-12,   V: 8.874750e-12,   W: 4.448525e-12,   Local Coninuity: 5.566771e-11,   Global Mass Flux: 0.000000e+00
 Level 0, performed 1 iterations
iteration: 267  , U: 8.267905e-12,   V: 8.267905e-12,   W: 4.527509e-12,   Local Coninuity: 5.322265e-11,   Global Mass Flux: 0.000000e+00
 Level 0, performed 1 iterations
iteration: 268  , U: 1.182510e-11,   V: 1.182510e-11,   W: 4.156130e-12,   Local Coninuity: 4.490229e-11,   Global Mass Flux: 0.000000e+00
 Level 0, performed 1 iterations
iteration: 269  , U: 1.408062e-11,   V: 1.408062e-11,   W: 3.467540e-12,   Local Coninuity: 3.260335e-11,   Global Mass Flux: 0.000000e+00
 Level 0, performed 1 iterations
iteration: 270  , U: 1.453689e-11,   V: 1.453689e-11,   W: 2.644315e-12,   Local Coninuity: 1.898197e-11,   Global Mass Flux: 0.000000e+00
 Level 0, performed 1 iterations
iteration: 271  , U: 1.341311e-11,   V: 1.341311e-11,   W: 1.858332e-12,   Local Coninuity: 9.191251e-12,   Global Mass Flux: 0.000000e+00
 Level 0, performed 1 iterations
iteration: 272  , U: 1.162671e-11,   V: 1.162671e-11,   W: 1.485368e-12,   Local Coninuity: 1.337813e-11,   Global Mass Flux: 0.000000e+00
 Level 0, performed 1 iterations
iteration: 273  , U: 9.595366e-12,   V: 9.595367e-12,   W: 1.736503e-12,   Local Coninuity: 2.254627e-11,   Global Mass Flux: 0.000000e+00
 Level 0, performed 1 iterations
iteration: 274  , U: 6.983402e-12,   V: 6.983402e-12,   W: 2.180659e-12,   Local Coninuity: 2.876680e-11,   Global Mass Flux: 0.000000e+00
 Level 0, performed 1 iterations
iteration: 275  , U: 4.743146e-12,   V: 4.743147e-12,   W: 2.425470e-12,   Local Coninuity: 3.090156e-11,   Global Mass Flux: 0.000000e+00
 Level 0, performed 1 iterations
iteration: 276  , U: 4.788775e-12,   V: 4.788775e-12,   W: 2.410992e-12,   Local Coninuity: 2.915402e-11,   Global Mass Flux: 0.000000e+00
 Level 0, performed 1 iterations
iteration: 277  , U: 6.756185e-12,   V: 6.756186e-12,   W: 2.164342e-12,   Local Coninuity: 2.422519e-11,   Global Mass Flux: 0.000000e+00
 Level 0, performed 1 iterations
iteration: 278  , U: 7.890104e-12,   V: 7.890103e-12,   W: 1.760959e-12,   Local Coninuity: 1.721892e-11,   Global Mass Flux: 0.000000e+00
 Level 0, performed 1 iterations
iteration: 279  , U: 8.026246e-12,   V: 8.026244e-12,   W: 1.310920e-12,   Local Coninuity: 9.596460e-12,   Global Mass Flux: 0.000000e+00
 Level 0, performed 1 iterations
iteration: 280  , U: 7.306985e-12,   V: 7.306984e-12,   W: 9.135632e-13,   Local Coninuity: 4.693942e-12,   Global Mass Flux: 0.000000e+00
 Level 0, performed 1 iterations
iteration: 281  , U: 6.311844e-12,   V: 6.311844e-12,   W: 7.835140e-13,   Local Coninuity: 7.862826e-12,   Global Mass Flux: 0.000000e+00
 Level 0, performed 1 iterations
iteration: 282  , U: 5.142592e-12,   V: 5.142592e-12,   W: 9.883072e-13,   Local Coninuity: 1.292934e-11,   Global Mass Flux: 0.000000e+00
 Level 0, performed 1 iterations
iteration: 283  , U: 3.678983e-12,   V: 3.678982e-12,   W: 1.214882e-12,   Local Coninuity: 1.613277e-11,   Global Mass Flux: 0.000000e+00
 Level 0, performed 1 iterations
iteration: 284  , U: 2.526042e-12,   V: 2.526042e-12,   W: 1.315395e-12,   Local Coninuity: 1.705482e-11,   Global Mass Flux: 0.000000e+00
 Level 0, performed 1 iterations
iteration: 285  , U: 2.783483e-12,   V: 2.783482e-12,   W: 1.273496e-12,   Local Coninuity: 1.585342e-11,   Global Mass Flux: 0.000000e+00
 Level 0, performed 1 iterations
iteration: 286  , U: 3.843003e-12,   V: 3.843003e-12,   W: 1.113558e-12,   Local Coninuity: 1.294781e-11,   Global Mass Flux: 0.000000e+00
 Level 0, performed 1 iterations
iteration: 287  , U: 4.398075e-12,   V: 4.398075e-12,   W: 8.782840e-13,   Local Coninuity: 8.982193e-12,   Global Mass Flux: 0.000000e+00
 Level 0, performed 1 iterations
iteration: 288  , U: 4.401932e-12,   V: 4.401931e-12,   W: 6.352897e-13,   Local Coninuity: 4.743745e-12,   Global Mass Flux: 0.000000e+00
 Level 0, performed 1 iterations
iteration: 289  , U: 3.951623e-12,   V: 3.951623e-12,   W: 4.435870e-13,   Local Coninuity: 2.465951e-12,   Global Mass Flux: 0.000000e+00
 Level 0, performed 1 iterations
iteration: 290  , U: 3.401623e-12,   V: 3.401622e-12,   W: 4.234249e-13,   Local Coninuity: 4.658243e-12,   Global Mass Flux: 0.000000e+00
 Level 0, performed 1 iterations
iteration: 291  , U: 2.728410e-12,   V: 2.728410e-12,   W: 5.650766e-13,   Local Coninuity: 7.397224e-12,   Global Mass Flux: 0.000000e+00
 Level 0, performed 1 iterations
iteration: 292  , U: 1.917012e-12,   V: 1.917012e-12,   W: 6.748253e-13,   Local Coninuity: 9.008862e-12,   Global Mass Flux: 0.000000e+00
 Level 0, performed 1 iterations
iteration: 293  , U: 1.345098e-12,   V: 1.345099e-12,   W: 7.091582e-13,   Local Coninuity: 9.357207e-12,   Global Mass Flux: 0.000000e+00
 Level 0, performed 1 iterations
iteration: 294  , U: 1.620964e-12,   V: 1.620965e-12,   W: 6.670724e-13,   Local Coninuity: 8.554135e-12,   Global Mass Flux: 0.000000e+00
 Level 0, performed 1 iterations
iteration: 295  , U: 2.176907e-12,   V: 2.176908e-12,   W: 5.653729e-13,   Local Coninuity: 6.852432e-12,   Global Mass Flux: 0.000000e+00
 Level 0, performed 1 iterations
iteration: 296  , U: 2.438458e-12,   V: 2.438458e-12,   W: 4.292924e-13,   Local Coninuity: 4.617662e-12,   Global Mass Flux: 0.000000e+00
 Level 0, performed 1 iterations
iteration: 297  , U: 2.397237e-12,   V: 2.397237e-12,   W: 3.005994e-13,   Local Coninuity: 2.281070e-12,   Global Mass Flux: 0.000000e+00
 Level 0, performed 1 iterations
iteration: 298  , U: 2.122037e-12,   V: 2.122037e-12,   W: 2.162549e-13,   Local Coninuity: 1.364437e-12,   Global Mass Flux: 0.000000e+00
 Level 0, performed 1 iterations
iteration: 299  , U: 1.818579e-12,   V: 1.818580e-12,   W: 2.411061e-13,   Local Coninuity: 2.778337e-12,   Global Mass Flux: 0.000000e+00
 Level 0, performed 1 iterations
iteration: 300  , U: 1.431021e-12,   V: 1.431022e-12,   W: 3.244993e-13,   Local Coninuity: 4.222849e-12,   Global Mass Flux: 0.000000e+00
 Level 0, performed 1 iterations
iteration: 301  , U: 9.879430e-13,   V: 9.879433e-13,   W: 3.740379e-13,   Local Coninuity: 5.009937e-12,   Global Mass Flux: 0.000000e+00
 Level 0, performed 1 iterations
iteration: 302  , U: 7.197955e-13,   V: 7.197953e-13,   W: 3.801707e-13,   Local Coninuity: 5.103171e-12,   Global Mass Flux: 0.000000e+00
 Level 0, performed 1 iterations
iteration: 303  , U: 9.443702e-13,   V: 9.443699e-13,   W: 3.466145e-13,   Local Coninuity: 4.578627e-12,   Global Mass Flux: 0.000000e+00
 Level 0, performed 1 iterations
iteration: 304  , U: 1.228919e-12,   V: 1.228918e-12,   W: 2.833760e-13,   Local Coninuity: 3.590514e-12,   Global Mass Flux: 0.000000e+00
 Level 0, performed 1 iterations
iteration: 305  , U: 1.344471e-12,   V: 1.344471e-12,   W: 2.054347e-13,   Local Coninuity: 2.332465e-12,   Global Mass Flux: 0.000000e+00
 Level 0, performed 1 iterations
iteration: 306  , U: 1.295811e-12,   V: 1.295810e-12,   W: 1.400499e-13,   Local Coninuity: 1.062224e-12,   Global Mass Flux: 0.000000e+00
 Level 0, performed 1 iterations
iteration: 307  , U: 1.132634e-12,   V: 1.132634e-12,   W: 1.126691e-13,   Local Coninuity: 8.032353e-13,   Global Mass Flux: 0.000000e+00
 Level 0, performed 1 iterations
iteration: 308  , U: 9.632416e-13,   V: 9.632420e-13,   W: 1.443110e-13,   Local Coninuity: 1.662439e-12,   Global Mass Flux: 0.000000e+00
 Level 0, performed 1 iterations
iteration: 309  , U: 7.408383e-13,   V: 7.408392e-13,   W: 1.869956e-13,   Local Coninuity: 2.405571e-12,   Global Mass Flux: 0.000000e+00
 Level 0, performed 1 iterations
iteration: 310  , U: 5.043613e-13,   V: 5.043612e-13,   W: 2.069128e-13,   Local Coninuity: 2.774909e-12,   Global Mass Flux: 0.000000e+00
 Level 0, performed 1 iterations
iteration: 311  , U: 3.918796e-13,   V: 3.918792e-13,   W: 2.027824e-13,   Local Coninuity: 2.766519e-12,   Global Mass Flux: 0.000000e+00
 Level 0, performed 1 iterations
iteration: 312  , U: 5.500995e-13,   V: 5.501003e-13,   W: 1.787928e-13,   Local Coninuity: 2.432140e-12,   Global Mass Flux: 0.000000e+00
 Level 0, performed 1 iterations
iteration: 313  , U: 6.913822e-13,   V: 6.913827e-13,   W: 1.406477e-13,   Local Coninuity: 1.859908e-12,   Global Mass Flux: 0.000000e+00
 Level 0, performed 1 iterations
iteration: 314  , U: 7.370624e-13,   V: 7.370632e-13,   W: 9.715631e-14,   Local Coninuity: 1.153029e-12,   Global Mass Flux: 0.000000e+00
 Level 0, performed 1 iterations
iteration: 315  , U: 6.949233e-13,   V: 6.949225e-13,   W: 6.802320e-14,   Local Coninuity: 4.813635e-13,   Global Mass Flux: 0.000000e+00
*** SOLUTION CONVERGED ***


[CAMIRA_ Profiling:                           7.02s] [nCalls    1] (100.00%)
[    Untimed:                                 0.00s] [nCalls    1] (  0.00%)
[    Pre processing:                          0.02s] [nCalls    1] (  0.25%)
[    Solver Loop:                             7.00s] [nCalls    1] ( 99.75%)
[        Untimed:                             0.02s] [nCalls    1] (  0.28%)
[        Multigrid Cycling:                   4.45s] [nCalls  315] ( 63.33%)
[            Untimed:                         0.23s] [nCalls  315] (  3.21%)
[            Setting Ghost Cells:             0.16s] [nCalls 1890] (  2.29%)
[            Sweeping:                        1.80s] [nCalls 1890] ( 25.61%)
[            Updating Coefficients:           2.26s] [nCalls  315] ( 32.22%)
[        Residuals and Logging:               2.54s] [nCalls  315] ( 36.14%)
[            Untimed:                         0.27s] [nCalls  315] (  3.84%)
[            Updating Coefficients:           2.27s] [nCalls  315] ( 32.30%)



================= Now running case ================= 
Advection Scheme:      QUICK
Mesh:                  80x80x80
Reading input file 'manufactured-taylor-green.inp' ... Success.

Generating mesh ... Success.
Number of cells        : 512000
Min. cell growth ratios: (1, 1, 1)
Max. cell growth ratios: (1, 1, 1)
Min. cell aspect ratio : 1
Max. cell aspect ratio : 1

Convergence Residuals:
iteration: 0    , U: 2.530848e+06,   V: 2.530848e+06,   W: 4.905300e+06,   Local Coninuity: 0.000000e+00,   Global Mass Flux: 0.000000e+00
  Level 1, relative residuals: 2.736795e-07, 2.736795e-07, 1.924845e-07, 1.162282e-06,  after 100 iterations.
 Level 0, performed 2 iterations
  Level 1, relative residuals: 1.338700e-08, 1.338700e-08, 8.068395e-09, 5.520958e-02,  after 100 iterations.
 Level 0, performed 3 iterations
  Level 1, relative residuals: 1.266834e-09, 1.266834e-09, 1.078109e-09, 6.876023e-06,  after 100 iterations.
 Level 0, performed 3 iterations
iteration: 1    , U: 1.070783e-06,   V: 1.070783e-06,   W: 3.948333e-07,   Local Coninuity: 7.894207e-06,   Global Mass Flux: 0.000000e+00
 Level 0, performed 2 iterations
  Level 1, relative residuals: 2.400658e-10, 2.400658e-10, 1.704128e-10, 1.113094e-06,  after 100 iterations.
 Level 0, performed 3 iterations
  Level 1, relative residuals: 2.874223e-11, 2.874223e-11, 2.943545e-11, 1.718782e-07,  after 100 iterations.
 Level 0, performed 3 iterations
iteration: 2    , U: 1.246971e-08,   V: 1.246971e-08,   W: 5.170234e-09,   Local Coninuity: 8.113636e-08,   Global Mass Flux: 0.000000e+00
 Level 0, performed 2 iterations
  Level 1, relative residuals: 4.113051e-12, 4.113051e-12, 3.190990e-12, 2.042216e-08,  after 100 iterations.
 Level 0, performed 3 iterations
  Level 1, relative residuals: 4.780327e-13, 4.780332e-13, 5.396511e-13, 3.002364e-09,  after 100 iterations.
 Level 0, performed 3 iterations
iteration: 3    , U: 2.391880e-10,   V: 2.391880e-10,   W: 1.279945e-10,   Local Coninuity: 1.687855e-09,   Global Mass Flux: 0.000000e+00
 Level 0, performed 2 iterations
  Level 1, relative residuals: 6.563255e-14, 6.563265e-14, 5.425562e-14, 3.743096e-10,  after 100 iterations.
 Level 0, performed 3 iterations
  Level 1, relative residuals: 4.096958e-14, 4.096933e-14, 3.766469e-14, 9.167726e-11,  after 80 iterations.
 Level 0, performed 3 iterations
iteration: 4    , U: 5.577037e-12,   V: 5.577037e-12,   W: 3.274819e-12,   Local Coninuity: 3.974483e-11,   Global Mass Flux: 0.000000e+00
 Level 0, performed 2 iterations
  Level 1, relative residuals: 3.465318e-14, 3.465404e-14, 1.101238e-14, 8.590458e-11,  after 62 iterations.
 Level 0, performed 3 iterations
  Level 1, relative residuals: 5.863524e-14, 5.863477e-14, 1.305539e-14, 7.781421e-11,  after 37 iterations.
 Level 0, performed 3 iterations
iteration: 5    , U: 1.462097e-13,   V: 1.462093e-13,   W: 8.649805e-14,   Local Coninuity: 1.029619e-12,   Global Mass Flux: 0.000000e+00
 Level 0, performed 2 iterations
  Level 1, relative residuals: 2.809446e-14, 2.809356e-14, 9.170149e-15, 9.517022e-11,  after 17 iterations.
 Level 0, performed 3 iterations
  Level 1, relative residuals: 3.756102e-14, 3.756082e-14, 1.141299e-14, 9.010068e-11,  after 7 iterations.
 Level 0, performed 3 iterations
iteration: 6    , U: 1.613345e-14,   V: 1.613305e-14,   W: 6.153371e-15,   Local Coninuity: 7.093332e-14,   Global Mass Flux: 0.000000e+00
*** SOLUTION CONVERGED ***


[CAMIRA_ Profiling:                          21.68s] [nCalls    1] (100.00%)
[    Untimed:                                 0.00s] [nCalls    1] (  0.00%)
[    Pre processing:                          0.15s] [nCalls    1] (  0.67%)
[    Solver Loop:                            21.54s] [nCalls    1] ( 99.33%)
[        Untimed:                             0.16s] [nCalls    1] (  0.74%)
[        Multigrid Cycling:                  20.99s] [nCalls    6] ( 96.82%)
[            Untimed:                         1.68s] [nCalls    6] (  7.76%)
[            Setting Ghost Cells:             0.61s] [nCalls 6276] (  2.83%)
[            Sweeping:                        7.89s] [nCalls 6276] ( 36.38%)
[            Updating Coefficients:          10.81s] [nCalls 1075] ( 49.85%)
[        Residuals and Logging:               0.38s] [nCalls    6] (  1.77%)
[            Untimed:                         0.03s] [nCalls    6] (  0.16%)
[            Updating Coefficients:           0.35s] [nCalls    6] (  1.61%)



================= Now running case ================= 
Advection Scheme:      QUICK
Mesh:                  160x160x160
Reading input file 'manufactured-taylor-green.inp' ... Success.

Generating mesh ... Success.
Number of cells        : 4096000
Min. cell growth ratios: (1, 1, 1)
Max. cell growth ratios: (1, 1, 1)
Min. cell aspect ratio : 1
Max. cell aspect ratio : 1

Convergence Residuals:
iteration: 0    , U: 2.022667e+07,   V: 2.022667e+07,   W: 3.919207e+07,   Local Coninuity: 0.000000e+00,   Global Mass Flux: 0.000000e+00
   Level 2, relative residuals: 2.736795e-07, 2.736795e-07, 1.924845e-07, 1.162282e-06,  after 100 iterations.
  Level 1, performed 2 iterations
   Level 2, relative residuals: 1.338700e-08, 1.338700e-08, 8.068395e-09, 5.520958e-02,  after 100 iterations.
  Level 1, performed 2 iterations
 Level 0, performed 2 iterations
  Level 1, performed 2 iterations
   Level 2, relative residuals: 5.045417e-09, 5.045417e-09, 3.443837e-09, 2.097843e-05,  after 100 iterations.
  Level 1, performed 2 iterations
   Level 2, relative residuals: 9.461098e-10, 9.461098e-10, 8.687510e-10, 4.741890e-06,  after 100 iterations.
  Level 1, performed 2 iterations
 Level 0, performed 3 iterations
  Level 1, performed 2 iterations
   Level 2, relative residuals: 1.121903e-10, 1.121903e-10, 1.138595e-10, 7.517577e-07,  after 100 iterations.
  Level 1, performed 2 iterations
 Level 0, performed 3 iterations
iteration: 1    , U: 2.278876e-07,   V: 2.278876e-07,   W: 8.042607e-08,   Local Coninuity: 3.041570e-06,   Global Mass Flux: 0.000000e+00
 Level 0, performed 2 iterations
  Level 1, performed 2 iterations
   Level 2, relative residuals: 7.717084e-11, 7.717084e-11, 4.982199e-11, 3.185164e-07,  after 100 iterations.
  Level 1, performed 2 iterations
   Level 2, relative residuals: 8.678790e-12, 8.678790e-12, 8.389000e-12, 4.939925e-08,  after 100 iterations.
  Level 1, performed 2 iterations
 Level 0, performed 3 iterations
  Level 1, performed 2 iterations
   Level 2, relative residuals: 7.612935e-12, 7.612935e-12, 5.507117e-12, 3.303381e-08,  after 100 iterations.
  Level 1, performed 2 iterations
 Level 0, performed 3 iterations
iteration: 2    , U: 2.393877e-09,   V: 2.393877e-09,   W: 9.771801e-10,   Local Coninuity: 3.110468e-08,   Global Mass Flux: 0.000000e+00
 Level 0, performed 2 iterations
  Level 1, performed 2 iterations
   Level 2, relative residuals: 1.944541e-12, 1.944540e-12, 1.204461e-12, 7.237855e-09,  after 100 iterations.
  Level 1, performed 2 iterations
   Level 2, relative residuals: 1.863577e-13, 1.863578e-13, 1.988674e-13, 1.177894e-09,  after 100 iterations.
  Level 1, performed 2 iterations
 Level 0, performed 3 iterations
  Level 1, performed 2 iterations
   Level 2, relative residuals: 1.205779e-13, 1.205783e-13, 9.563528e-14, 5.972052e-10,  after 100 iterations.
  Level 1, performed 2 iterations
 Level 0, performed 3 iterations
iteration: 3    , U: 3.363525e-11,   V: 3.363525e-11,   W: 1.701724e-11,   Local Coninuity: 4.523330e-10,   Global Mass Flux: 0.000000e+00
 Level 0, performed 2 iterations
  Level 1, performed 2 iterations
   Level 2, relative residuals: 3.910947e-14, 3.910889e-14, 2.495161e-14, 1.476399e-10,  after 100 iterations.
  Level 1, performed 2 iterations
   Level 2, relative residuals: 5.096675e-14, 5.096691e-14, 1.040217e-14, 9.819638e-11,  after 69 iterations.
  Level 1, performed 2 iterations
 Level 0, performed 3 iterations
  Level 1, performed 2 iterations
   Level 2, relative residuals: 3.413359e-14, 3.413418e-14, 1.712402e-14, 8.894988e-11,  after 66 iterations.
  Level 1, performed 2 iterations
 Level 0, performed 3 iterations
iteration: 4    , U: 5.897763e-13,   V: 5.897766e-13,   W: 3.420288e-13,   Local Coninuity: 8.051388e-12,   Global Mass Flux: 0.000000e+00
 Level 0, performed 2 iterations
  Level 1, performed 2 iterations
   Level 2, relative residuals: 3.070738e-14, 3.070689e-14, 2.171338e-14, 9.348819e-11,  after 38 iterations.
  Level 1, performed 2 iterations
   Level 2, relative residuals: 4.013760e-14, 4.013735e-14, 1.172919e-14, 8.426545e-11,  after 19 iterations.
  Level 1, performed 2 iterations
 Level 0, performed 3 iterations
  Level 1, performed 2 iterations
   Level 2, relative residuals: 3.516166e-14, 3.516130e-14, 1.412717e-14, 9.601818e-11,  after 13 iterations.
  Level 1, performed 2 iterations
 Level 0, performed 3 iterations
iteration: 5    , U: 1.226126e-14,   V: 1.226130e-14,   W: 7.629237e-15,   Local Coninuity: 1.875213e-13,   Global Mass Flux: 0.000000e+00
*** SOLUTION CONVERGED ***


[CAMIRA_ Profiling:                          74.85s] [nCalls    1] (100.00%)
[    Untimed:                                 0.00s] [nCalls    1] (  0.00%)
[    Pre processing:                          1.11s] [nCalls    1] (  1.49%)
[    Solver Loop:                            73.74s] [nCalls    1] ( 98.51%)
[        Untimed:                             1.50s] [nCalls    1] (  2.00%)
[        Multigrid Cycling:                  69.64s] [nCalls    5] ( 93.04%)
[            Untimed:                         5.85s] [nCalls    5] (  7.82%)
[            Setting Ghost Cells:             1.27s] [nCalls 8964] (  1.70%)
[            Sweeping:                       25.00s] [nCalls 8964] ( 33.41%)
[            Updating Coefficients:          37.51s] [nCalls 1551] ( 50.11%)
[        Residuals and Logging:               2.60s] [nCalls    5] (  3.47%)
[            Untimed:                         0.33s] [nCalls    5] (  0.44%)
[            Updating Coefficients:           2.27s] [nCalls    5] (  3.03%)



================= Now running case ================= 
Advection Scheme:      QUICK
Mesh:                  320x320x320
Reading input file 'manufactured-taylor-green.inp' ... Success.

Generating mesh ... Success.
Number of cells        : 32768000
Min. cell growth ratios: (1, 1, 1)
Max. cell growth ratios: (1, 1, 1)
Min. cell aspect ratio : 1
Max. cell aspect ratio : 1

Convergence Residuals:
iteration: 0    , U: 1.617800e+08,   V: 1.617800e+08,   W: 3.134599e+08,   Local Coninuity: 0.000000e+00,   Global Mass Flux: 0.000000e+00
    Level 3, relative residuals: 2.736795e-07, 2.736795e-07, 1.924845e-07, 1.162282e-06,  after 100 iterations.
   Level 2, performed 2 iterations
    Level 3, relative residuals: 1.338700e-08, 1.338700e-08, 8.068395e-09, 5.520958e-02,  after 100 iterations.
   Level 2, performed 2 iterations
  Level 1, performed 2 iterations
   Level 2, performed 2 iterations
    Level 3, relative residuals: 5.045417e-09, 5.045417e-09, 3.443837e-09, 2.097843e-05,  after 100 iterations.
   Level 2, performed 2 iterations
  Level 1, performed 2 iterations
 Level 0, performed 2 iterations
  Level 1, performed 2 iterations
   Level 2, performed 2 iterations
    Level 3, relative residuals: 2.389166e-09, 2.389166e-09, 1.780407e-09, 1.009089e-05,  after 100 iterations.
   Level 2, performed 2 iterations
    Level 3, relative residuals: 5.077981e-10, 5.077981e-10, 5.022351e-10, 2.708811e-06,  after 100 iterations.
   Level 2, performed 2 iterations
  Level 1, performed 2 iterations
   Level 2, performed 2 iterations
    Level 3, relative residuals: 1.705854e-10, 1.705854e-10, 1.432821e-10, 8.369191e-07,  after 100 iterations.
   Level 2, performed 2 iterations
  Level 1, performed 2 iterations
 Level 0, performed 3 iterations
  Level 1, performed 2 iterations
   Level 2, performed 2 iterations
    Level 3, relative residuals: 8.419214e-11, 8.419213e-11, 7.871528e-11, 4.513061e-07,  after 100 iterations.
   Level 2, performed 2 iterations
  Level 1, performed 2 iterations
 Level 0, performed 3 iterations
iteration: 1    , U: 6.272815e-08,   V: 6.272815e-08,   W: 3.030015e-08,   Local Coninuity: 1.910270e-06,   Global Mass Flux: 0.000000e+00
 Level 0, performed 2 iterations
  Level 1, performed 2 iterations
   Level 2, performed 2 iterations
    Level 3, relative residuals: 5.186255e-11, 5.186255e-11, 3.392103e-11, 2.125187e-07,  after 100 iterations.
   Level 2, performed 2 iterations
    Level 3, relative residuals: 6.340386e-12, 6.340387e-12, 6.554169e-12, 3.552684e-08,  after 100 iterations.
   Level 2, performed 2 iterations
  Level 1, performed 2 iterations
   Level 2, performed 2 iterations
    Level 3, relative residuals: 3.466476e-12, 3.466476e-12, 2.599779e-12, 1.475089e-08,  after 100 iterations.
   Level 2, performed 2 iterations
  Level 1, performed 2 iterations
 Level 0, performed 3 iterations
  Level 1, performed 2 iterations
   Level 2, performed 2 iterations
    Level 3, relative residuals: 2.102404e-12, 2.102404e-12, 1.594352e-12, 9.850853e-09,  after 100 iterations.
   Level 2, performed 2 iterations
  Level 1, performed 2 iterations
 Level 0, performed 3 iterations
iteration: 2    , U: 4.810610e-10,   V: 4.810610e-10,   W: 2.841606e-10,   Local Coninuity: 1.621606e-08,   Global Mass Flux: 0.000000e+00
 Level 0, performed 2 iterations
  Level 1, performed 2 iterations
   Level 2, performed 2 iterations
    Level 3, relative residuals: 6.563649e-13, 6.563647e-13, 4.028879e-13, 2.645137e-09,  after 100 iterations.
   Level 2, performed 2 iterations
    Level 3, relative residuals: 6.018984e-14, 6.019051e-14, 7.790395e-14, 3.841961e-10,  after 100 iterations.
   Level 2, performed 2 iterations
  Level 1, performed 2 iterations
   Level 2, performed 2 iterations
    Level 3, relative residuals: 2.748609e-14, 2.748653e-14, 3.211347e-14, 9.181252e-11,  after 97 iterations.
   Level 2, performed 2 iterations
  Level 1, performed 2 iterations
 Level 0, performed 3 iterations
  Level 1, performed 2 iterations
   Level 2, performed 2 iterations
    Level 3, relative residuals: 5.438525e-14, 5.438571e-14, 3.052396e-14, 8.906964e-11,  after 79 iterations.
   Level 2, performed 2 iterations
  Level 1, performed 2 iterations
 Level 0, performed 3 iterations
iteration: 3    , U: 4.632157e-12,   V: 4.632157e-12,   W: 3.115053e-12,   Local Coninuity: 1.590732e-10,   Global Mass Flux: 0.000000e+00
 Level 0, performed 2 iterations
  Level 1, performed 2 iterations
   Level 2, performed 2 iterations
    Level 3, relative residuals: 2.032074e-14, 2.032086e-14, 3.094448e-14, 9.144906e-11,  after 60 iterations.
   Level 2, performed 2 iterations
    Level 3, relative residuals: 6.030412e-14, 6.030388e-14, 1.116428e-14, 9.133365e-11,  after 37 iterations.
   Level 2, performed 2 iterations
  Level 1, performed 2 iterations
   Level 2, performed 2 iterations
    Level 3, relative residuals: 5.155618e-14, 5.155513e-14, 2.548025e-14, 7.872596e-11,  after 29 iterations.
   Level 2, performed 2 iterations
  Level 1, performed 2 iterations
 Level 0, performed 3 iterations
  Level 1, performed 2 iterations
   Level 2, performed 2 iterations
    Level 3, relative residuals: 3.707034e-14, 3.707047e-14, 2.157666e-14, 9.262191e-11,  after 19 iterations.
   Level 2, performed 2 iterations
  Level 1, performed 2 iterations
 Level 0, performed 3 iterations
iteration: 4    , U: 6.707170e-14,   V: 6.707172e-14,   W: 4.554609e-14,   Local Coninuity: 2.141068e-12,   Global Mass Flux: 0.000000e+00
 Level 0, performed 2 iterations
  Level 1, performed 2 iterations
   Level 2, performed 2 iterations
    Level 3, relative residuals: 4.094319e-14, 4.094347e-14, 2.328658e-14, 9.986637e-11,  after 13 iterations.
   Level 2, performed 2 iterations
    Level 3, relative residuals: 3.206489e-14, 3.206360e-14, 1.928436e-14, 9.093545e-11,  after 5 iterations.
   Level 2, performed 2 iterations
  Level 1, performed 2 iterations
   Level 2, performed 2 iterations
    Level 3, relative residuals: 2.136906e-14, 2.136906e-14, 1.522186e-14, 8.590914e-11,  after 5 iterations.
   Level 2, performed 2 iterations
  Level 1, performed 2 iterations
 Level 0, performed 3 iterations
  Level 1, performed 2 iterations
   Level 2, performed 2 iterations
    Level 3, relative residuals: 3.249041e-14, 3.249844e-14, 1.617979e-14, 7.746101e-11,  after 7 iterations.
   Level 2, performed 2 iterations
  Level 1, performed 2 iterations
 Level 0, performed 3 iterations
iteration: 5    , U: 3.341887e-15,   V: 3.342315e-15,   W: 2.381763e-15,   Local Coninuity: 1.101126e-13,   Global Mass Flux: 0.000000e+00
*** SOLUTION CONVERGED ***


[CAMIRA_ Profiling:                         479.65s] [nCalls     1] (100.00%)
[    Untimed:                                 0.00s] [nCalls     1] (  0.00%)
[    Pre processing:                          8.70s] [nCalls     1] (  1.81%)
[    Solver Loop:                           470.96s] [nCalls     1] ( 98.19%)
[        Untimed:                            12.53s] [nCalls     1] (  2.61%)
[        Multigrid Cycling:                 436.97s] [nCalls     5] ( 91.10%)
[            Untimed:                        38.05s] [nCalls     5] (  7.93%)
[            Setting Ghost Cells:             3.46s] [nCalls 10878] (  0.72%)
[            Sweeping:                      152.61s] [nCalls 10878] ( 31.82%)
[            Updating Coefficients:         242.85s] [nCalls  1919] ( 50.63%)
[        Residuals and Logging:              21.46s] [nCalls     5] (  4.47%)
[            Untimed:                         2.76s] [nCalls     5] (  0.58%)
[            Updating Coefficients:          18.69s] [nCalls     5] (  3.90%)
